2019-03-08 01:05:49.883 [localhost-startStop-1] INFO  com.alipay.lookout.remote.report.SchedulerPoller - started collecting and reporting priority:NORMAL metrics every 30000 
2019-03-08 01:05:49.884 [localhost-startStop-1] INFO  com.alipay.lookout.remote.report.SchedulerPoller - started collecting and reporting priority:HIGH metrics every 2000 
2019-03-08 01:05:49.884 [localhost-startStop-1] INFO  com.alipay.lookout.remote.report.SchedulerPoller - started collecting and reporting priority:LOW metrics every 60000 
2019-03-08 01:05:49.884 [localhost-startStop-1] INFO  com.alipay.lookout.client.DefaultLookoutClient - add a registry:LookoutRegistry
2019-03-08 01:05:49.914 [localhost-startStop-1] INFO  c.alipay.lookout.reg.prometheus.PrometheusRegistry - lookout client exporter is started. server port:9597
2019-03-08 01:05:49.915 [localhost-startStop-1] INFO  com.alipay.lookout.client.DefaultLookoutClient - add a registry:PrometheusRegistry
2019-03-08 01:05:49.915 [localhost-startStop-1] INFO  com.alipay.lookout.client.DefaultLookoutClient - add a registry:SpringBootActuatorRegistry
2019-03-08 01:06:22.831 [Thread-7] INFO  c.alipay.lookout.reg.prometheus.PrometheusRegistry - lookout client exporter is stopped.
2019-03-08 01:11:40.200 [localhost-startStop-1] INFO  com.alipay.lookout.remote.report.SchedulerPoller - started collecting and reporting priority:NORMAL metrics every 30000 
2019-03-08 01:11:40.201 [localhost-startStop-1] INFO  com.alipay.lookout.remote.report.SchedulerPoller - started collecting and reporting priority:HIGH metrics every 2000 
2019-03-08 01:11:40.201 [localhost-startStop-1] INFO  com.alipay.lookout.remote.report.SchedulerPoller - started collecting and reporting priority:LOW metrics every 60000 
2019-03-08 01:11:40.201 [localhost-startStop-1] INFO  com.alipay.lookout.client.DefaultLookoutClient - add a registry:LookoutRegistry
2019-03-08 01:11:40.229 [localhost-startStop-1] INFO  c.alipay.lookout.reg.prometheus.PrometheusRegistry - lookout client exporter is started. server port:9597
2019-03-08 01:11:40.230 [localhost-startStop-1] INFO  com.alipay.lookout.client.DefaultLookoutClient - add a registry:PrometheusRegistry
2019-03-08 01:11:40.230 [localhost-startStop-1] INFO  com.alipay.lookout.client.DefaultLookoutClient - add a registry:SpringBootActuatorRegistry
2019-03-08 01:11:40.896 [main] INFO  c.alipay.lookout.reg.prometheus.PrometheusRegistry - lookout client exporter is stopped.
2019-03-08 01:11:56.724 [localhost-startStop-1] INFO  com.alipay.lookout.remote.report.SchedulerPoller - started collecting and reporting priority:NORMAL metrics every 30000 
2019-03-08 01:11:56.724 [localhost-startStop-1] INFO  com.alipay.lookout.remote.report.SchedulerPoller - started collecting and reporting priority:HIGH metrics every 2000 
2019-03-08 01:11:56.724 [localhost-startStop-1] INFO  com.alipay.lookout.remote.report.SchedulerPoller - started collecting and reporting priority:LOW metrics every 60000 
2019-03-08 01:11:56.724 [localhost-startStop-1] INFO  com.alipay.lookout.client.DefaultLookoutClient - add a registry:LookoutRegistry
2019-03-08 01:11:56.725 [localhost-startStop-1] INFO  c.alipay.lookout.reg.prometheus.PrometheusRegistry - lookout client exporter is started. server port:9597
2019-03-08 01:11:56.725 [localhost-startStop-1] INFO  com.alipay.lookout.client.DefaultLookoutClient - add a registry:PrometheusRegistry
2019-03-08 01:11:56.725 [localhost-startStop-1] INFO  com.alipay.lookout.client.DefaultLookoutClient - add a registry:SpringBootActuatorRegistry
2019-03-08 01:11:56.894 [main] INFO  c.alipay.lookout.reg.prometheus.PrometheusRegistry - lookout client exporter is stopped.
