2019-03-23 15:39:10,399 ERROR [RpcHeartbeatTrigger$1#112] [Bolt-default-executor-3-thread-17] Heartbeat exception caught! Error code=TIMEOUT, The address is 10.67.102.247:12201
2019-03-23 15:39:10,399 ERROR [RpcHeartbeatTrigger$1#112] [Bolt-default-executor-3-thread-18] Heartbeat exception caught! Error code=TIMEOUT, The address is 10.67.102.247:12201
2019-03-23 15:40:10,406 ERROR [RpcHeartbeatTrigger$1#112] [Bolt-default-executor-3-thread-6] Heartbeat exception caught! Error code=TIMEOUT, The address is 10.67.102.247:12201
2019-03-23 15:40:10,406 ERROR [RpcHeartbeatTrigger$1#112] [Bolt-default-executor-3-thread-5] Heartbeat exception caught! Error code=TIMEOUT, The address is 10.67.102.247:12201
2019-03-23 15:40:25,419 ERROR [RpcHeartbeatTrigger$1#112] [Bolt-default-executor-3-thread-9] Heartbeat exception caught! Error code=TIMEOUT, The address is 10.67.102.247:12201
2019-03-23 15:40:28,591 ERROR [RpcHeartbeatTrigger#73] [Rpc-netty-client-worker-1-thread-1] Heartbeat failed for 3 times, close the connection from client side: 10.67.102.247:12201 
2019-03-23 15:40:38,068 ERROR [FutureTaskUtil#51] [RpcTaskScannerThread] Future task has not completed!
com.alipay.remoting.util.FutureTaskNotCompleted: null
	at com.alipay.remoting.util.RunStateRecordedFutureTask.getAfterRun(RunStateRecordedFutureTask.java:48)
	at com.alipay.remoting.util.FutureTaskUtil.getFutureTaskResult(FutureTaskUtil.java:43)
	at com.alipay.remoting.DefaultConnectionManager.getConnectionPool(DefaultConnectionManager.java:563)
	at com.alipay.remoting.DefaultConnectionManager.scan(DefaultConnectionManager.java:439)
	at com.alipay.remoting.rpc.RpcTaskScanner$2.run(RpcTaskScanner.java:60)
	at java.util.concurrent.Executors$RunnableAdapter.call(Executors.java:511)
	at java.util.concurrent.FutureTask.runAndReset(FutureTask.java:308)
	at java.util.concurrent.ScheduledThreadPoolExecutor$ScheduledFutureTask.access$301(ScheduledThreadPoolExecutor.java:180)
	at java.util.concurrent.ScheduledThreadPoolExecutor$ScheduledFutureTask.run(ScheduledThreadPoolExecutor.java:294)
	at java.util.concurrent.ThreadPoolExecutor.runWorker(ThreadPoolExecutor.java:1149)
	at java.util.concurrent.ThreadPoolExecutor$Worker.run(ThreadPoolExecutor.java:624)
	at java.lang.Thread.run(Thread.java:748)
2019-03-23 15:42:28,102 ERROR [FutureTaskUtil#51] [RpcTaskScannerThread] Future task has not completed!
com.alipay.remoting.util.FutureTaskNotCompleted: null
	at com.alipay.remoting.util.RunStateRecordedFutureTask.getAfterRun(RunStateRecordedFutureTask.java:48)
	at com.alipay.remoting.util.FutureTaskUtil.getFutureTaskResult(FutureTaskUtil.java:43)
	at com.alipay.remoting.DefaultConnectionManager.getConnectionPool(DefaultConnectionManager.java:563)
	at com.alipay.remoting.DefaultConnectionManager.scan(DefaultConnectionManager.java:439)
	at com.alipay.remoting.rpc.RpcTaskScanner$2.run(RpcTaskScanner.java:60)
	at java.util.concurrent.Executors$RunnableAdapter.call(Executors.java:511)
	at java.util.concurrent.FutureTask.runAndReset(FutureTask.java:308)
	at java.util.concurrent.ScheduledThreadPoolExecutor$ScheduledFutureTask.access$301(ScheduledThreadPoolExecutor.java:180)
	at java.util.concurrent.ScheduledThreadPoolExecutor$ScheduledFutureTask.run(ScheduledThreadPoolExecutor.java:294)
	at java.util.concurrent.ThreadPoolExecutor.runWorker(ThreadPoolExecutor.java:1149)
	at java.util.concurrent.ThreadPoolExecutor$Worker.run(ThreadPoolExecutor.java:624)
	at java.lang.Thread.run(Thread.java:748)
2019-03-23 15:44:18,115 ERROR [FutureTaskUtil#51] [RpcTaskScannerThread] Future task has not completed!
com.alipay.remoting.util.FutureTaskNotCompleted: null
	at com.alipay.remoting.util.RunStateRecordedFutureTask.getAfterRun(RunStateRecordedFutureTask.java:48)
	at com.alipay.remoting.util.FutureTaskUtil.getFutureTaskResult(FutureTaskUtil.java:43)
	at com.alipay.remoting.DefaultConnectionManager.getConnectionPool(DefaultConnectionManager.java:563)
	at com.alipay.remoting.DefaultConnectionManager.scan(DefaultConnectionManager.java:439)
	at com.alipay.remoting.rpc.RpcTaskScanner$2.run(RpcTaskScanner.java:60)
	at java.util.concurrent.Executors$RunnableAdapter.call(Executors.java:511)
	at java.util.concurrent.FutureTask.runAndReset(FutureTask.java:308)
	at java.util.concurrent.ScheduledThreadPoolExecutor$ScheduledFutureTask.access$301(ScheduledThreadPoolExecutor.java:180)
	at java.util.concurrent.ScheduledThreadPoolExecutor$ScheduledFutureTask.run(ScheduledThreadPoolExecutor.java:294)
	at java.util.concurrent.ThreadPoolExecutor.runWorker(ThreadPoolExecutor.java:1149)
	at java.util.concurrent.ThreadPoolExecutor$Worker.run(ThreadPoolExecutor.java:624)
	at java.lang.Thread.run(Thread.java:748)
2019-03-23 15:46:08,127 ERROR [FutureTaskUtil#51] [RpcTaskScannerThread] Future task has not completed!
com.alipay.remoting.util.FutureTaskNotCompleted: null
	at com.alipay.remoting.util.RunStateRecordedFutureTask.getAfterRun(RunStateRecordedFutureTask.java:48)
	at com.alipay.remoting.util.FutureTaskUtil.getFutureTaskResult(FutureTaskUtil.java:43)
	at com.alipay.remoting.DefaultConnectionManager.getConnectionPool(DefaultConnectionManager.java:563)
	at com.alipay.remoting.DefaultConnectionManager.scan(DefaultConnectionManager.java:439)
	at com.alipay.remoting.rpc.RpcTaskScanner$2.run(RpcTaskScanner.java:60)
	at java.util.concurrent.Executors$RunnableAdapter.call(Executors.java:511)
	at java.util.concurrent.FutureTask.runAndReset(FutureTask.java:308)
	at java.util.concurrent.ScheduledThreadPoolExecutor$ScheduledFutureTask.access$301(ScheduledThreadPoolExecutor.java:180)
	at java.util.concurrent.ScheduledThreadPoolExecutor$ScheduledFutureTask.run(ScheduledThreadPoolExecutor.java:294)
	at java.util.concurrent.ThreadPoolExecutor.runWorker(ThreadPoolExecutor.java:1149)
	at java.util.concurrent.ThreadPoolExecutor$Worker.run(ThreadPoolExecutor.java:624)
	at java.lang.Thread.run(Thread.java:748)
2019-03-23 15:47:48,135 ERROR [FutureTaskUtil#51] [RpcTaskScannerThread] Future task has not completed!
com.alipay.remoting.util.FutureTaskNotCompleted: null
	at com.alipay.remoting.util.RunStateRecordedFutureTask.getAfterRun(RunStateRecordedFutureTask.java:48)
	at com.alipay.remoting.util.FutureTaskUtil.getFutureTaskResult(FutureTaskUtil.java:43)
	at com.alipay.remoting.DefaultConnectionManager.getConnectionPool(DefaultConnectionManager.java:563)
	at com.alipay.remoting.DefaultConnectionManager.scan(DefaultConnectionManager.java:439)
	at com.alipay.remoting.rpc.RpcTaskScanner$2.run(RpcTaskScanner.java:60)
	at java.util.concurrent.Executors$RunnableAdapter.call(Executors.java:511)
	at java.util.concurrent.FutureTask.runAndReset(FutureTask.java:308)
	at java.util.concurrent.ScheduledThreadPoolExecutor$ScheduledFutureTask.access$301(ScheduledThreadPoolExecutor.java:180)
	at java.util.concurrent.ScheduledThreadPoolExecutor$ScheduledFutureTask.run(ScheduledThreadPoolExecutor.java:294)
	at java.util.concurrent.ThreadPoolExecutor.runWorker(ThreadPoolExecutor.java:1149)
	at java.util.concurrent.ThreadPoolExecutor$Worker.run(ThreadPoolExecutor.java:624)
	at java.lang.Thread.run(Thread.java:748)
2019-03-23 15:49:38,149 ERROR [FutureTaskUtil#51] [RpcTaskScannerThread] Future task has not completed!
com.alipay.remoting.util.FutureTaskNotCompleted: null
	at com.alipay.remoting.util.RunStateRecordedFutureTask.getAfterRun(RunStateRecordedFutureTask.java:48)
	at com.alipay.remoting.util.FutureTaskUtil.getFutureTaskResult(FutureTaskUtil.java:43)
	at com.alipay.remoting.DefaultConnectionManager.getConnectionPool(DefaultConnectionManager.java:563)
	at com.alipay.remoting.DefaultConnectionManager.scan(DefaultConnectionManager.java:439)
	at com.alipay.remoting.rpc.RpcTaskScanner$2.run(RpcTaskScanner.java:60)
	at java.util.concurrent.Executors$RunnableAdapter.call(Executors.java:511)
	at java.util.concurrent.FutureTask.runAndReset(FutureTask.java:308)
	at java.util.concurrent.ScheduledThreadPoolExecutor$ScheduledFutureTask.access$301(ScheduledThreadPoolExecutor.java:180)
	at java.util.concurrent.ScheduledThreadPoolExecutor$ScheduledFutureTask.run(ScheduledThreadPoolExecutor.java:294)
	at java.util.concurrent.ThreadPoolExecutor.runWorker(ThreadPoolExecutor.java:1149)
	at java.util.concurrent.ThreadPoolExecutor$Worker.run(ThreadPoolExecutor.java:624)
	at java.lang.Thread.run(Thread.java:748)
2019-03-23 15:51:28,159 ERROR [FutureTaskUtil#51] [RpcTaskScannerThread] Future task has not completed!
com.alipay.remoting.util.FutureTaskNotCompleted: null
	at com.alipay.remoting.util.RunStateRecordedFutureTask.getAfterRun(RunStateRecordedFutureTask.java:48)
	at com.alipay.remoting.util.FutureTaskUtil.getFutureTaskResult(FutureTaskUtil.java:43)
	at com.alipay.remoting.DefaultConnectionManager.getConnectionPool(DefaultConnectionManager.java:563)
	at com.alipay.remoting.DefaultConnectionManager.scan(DefaultConnectionManager.java:439)
	at com.alipay.remoting.rpc.RpcTaskScanner$2.run(RpcTaskScanner.java:60)
	at java.util.concurrent.Executors$RunnableAdapter.call(Executors.java:511)
	at java.util.concurrent.FutureTask.runAndReset(FutureTask.java:308)
	at java.util.concurrent.ScheduledThreadPoolExecutor$ScheduledFutureTask.access$301(ScheduledThreadPoolExecutor.java:180)
	at java.util.concurrent.ScheduledThreadPoolExecutor$ScheduledFutureTask.run(ScheduledThreadPoolExecutor.java:294)
	at java.util.concurrent.ThreadPoolExecutor.runWorker(ThreadPoolExecutor.java:1149)
	at java.util.concurrent.ThreadPoolExecutor$Worker.run(ThreadPoolExecutor.java:624)
	at java.lang.Thread.run(Thread.java:748)
2019-03-23 15:53:18,174 ERROR [FutureTaskUtil#51] [RpcTaskScannerThread] Future task has not completed!
com.alipay.remoting.util.FutureTaskNotCompleted: null
	at com.alipay.remoting.util.RunStateRecordedFutureTask.getAfterRun(RunStateRecordedFutureTask.java:48)
	at com.alipay.remoting.util.FutureTaskUtil.getFutureTaskResult(FutureTaskUtil.java:43)
	at com.alipay.remoting.DefaultConnectionManager.getConnectionPool(DefaultConnectionManager.java:563)
	at com.alipay.remoting.DefaultConnectionManager.scan(DefaultConnectionManager.java:439)
	at com.alipay.remoting.rpc.RpcTaskScanner$2.run(RpcTaskScanner.java:60)
	at java.util.concurrent.Executors$RunnableAdapter.call(Executors.java:511)
	at java.util.concurrent.FutureTask.runAndReset(FutureTask.java:308)
	at java.util.concurrent.ScheduledThreadPoolExecutor$ScheduledFutureTask.access$301(ScheduledThreadPoolExecutor.java:180)
	at java.util.concurrent.ScheduledThreadPoolExecutor$ScheduledFutureTask.run(ScheduledThreadPoolExecutor.java:294)
	at java.util.concurrent.ThreadPoolExecutor.runWorker(ThreadPoolExecutor.java:1149)
	at java.util.concurrent.ThreadPoolExecutor$Worker.run(ThreadPoolExecutor.java:624)
	at java.lang.Thread.run(Thread.java:748)
2019-03-23 15:55:08,196 ERROR [FutureTaskUtil#51] [RpcTaskScannerThread] Future task has not completed!
com.alipay.remoting.util.FutureTaskNotCompleted: null
	at com.alipay.remoting.util.RunStateRecordedFutureTask.getAfterRun(RunStateRecordedFutureTask.java:48)
	at com.alipay.remoting.util.FutureTaskUtil.getFutureTaskResult(FutureTaskUtil.java:43)
	at com.alipay.remoting.DefaultConnectionManager.getConnectionPool(DefaultConnectionManager.java:563)
	at com.alipay.remoting.DefaultConnectionManager.scan(DefaultConnectionManager.java:439)
	at com.alipay.remoting.rpc.RpcTaskScanner$2.run(RpcTaskScanner.java:60)
	at java.util.concurrent.Executors$RunnableAdapter.call(Executors.java:511)
	at java.util.concurrent.FutureTask.runAndReset(FutureTask.java:308)
	at java.util.concurrent.ScheduledThreadPoolExecutor$ScheduledFutureTask.access$301(ScheduledThreadPoolExecutor.java:180)
	at java.util.concurrent.ScheduledThreadPoolExecutor$ScheduledFutureTask.run(ScheduledThreadPoolExecutor.java:294)
	at java.util.concurrent.ThreadPoolExecutor.runWorker(ThreadPoolExecutor.java:1149)
	at java.util.concurrent.ThreadPoolExecutor$Worker.run(ThreadPoolExecutor.java:624)
	at java.lang.Thread.run(Thread.java:748)
2019-03-23 15:56:58,208 ERROR [FutureTaskUtil#51] [RpcTaskScannerThread] Future task has not completed!
com.alipay.remoting.util.FutureTaskNotCompleted: null
	at com.alipay.remoting.util.RunStateRecordedFutureTask.getAfterRun(RunStateRecordedFutureTask.java:48)
	at com.alipay.remoting.util.FutureTaskUtil.getFutureTaskResult(FutureTaskUtil.java:43)
	at com.alipay.remoting.DefaultConnectionManager.getConnectionPool(DefaultConnectionManager.java:563)
	at com.alipay.remoting.DefaultConnectionManager.scan(DefaultConnectionManager.java:439)
	at com.alipay.remoting.rpc.RpcTaskScanner$2.run(RpcTaskScanner.java:60)
	at java.util.concurrent.Executors$RunnableAdapter.call(Executors.java:511)
	at java.util.concurrent.FutureTask.runAndReset(FutureTask.java:308)
	at java.util.concurrent.ScheduledThreadPoolExecutor$ScheduledFutureTask.access$301(ScheduledThreadPoolExecutor.java:180)
	at java.util.concurrent.ScheduledThreadPoolExecutor$ScheduledFutureTask.run(ScheduledThreadPoolExecutor.java:294)
	at java.util.concurrent.ThreadPoolExecutor.runWorker(ThreadPoolExecutor.java:1149)
	at java.util.concurrent.ThreadPoolExecutor$Worker.run(ThreadPoolExecutor.java:624)
	at java.lang.Thread.run(Thread.java:748)
2019-03-23 15:58:48,231 ERROR [FutureTaskUtil#51] [RpcTaskScannerThread] Future task has not completed!
com.alipay.remoting.util.FutureTaskNotCompleted: null
	at com.alipay.remoting.util.RunStateRecordedFutureTask.getAfterRun(RunStateRecordedFutureTask.java:48)
	at com.alipay.remoting.util.FutureTaskUtil.getFutureTaskResult(FutureTaskUtil.java:43)
	at com.alipay.remoting.DefaultConnectionManager.getConnectionPool(DefaultConnectionManager.java:563)
	at com.alipay.remoting.DefaultConnectionManager.scan(DefaultConnectionManager.java:439)
	at com.alipay.remoting.rpc.RpcTaskScanner$2.run(RpcTaskScanner.java:60)
	at java.util.concurrent.Executors$RunnableAdapter.call(Executors.java:511)
	at java.util.concurrent.FutureTask.runAndReset(FutureTask.java:308)
	at java.util.concurrent.ScheduledThreadPoolExecutor$ScheduledFutureTask.access$301(ScheduledThreadPoolExecutor.java:180)
	at java.util.concurrent.ScheduledThreadPoolExecutor$ScheduledFutureTask.run(ScheduledThreadPoolExecutor.java:294)
	at java.util.concurrent.ThreadPoolExecutor.runWorker(ThreadPoolExecutor.java:1149)
	at java.util.concurrent.ThreadPoolExecutor$Worker.run(ThreadPoolExecutor.java:624)
	at java.lang.Thread.run(Thread.java:748)
2019-03-23 16:00:38,253 ERROR [FutureTaskUtil#51] [RpcTaskScannerThread] Future task has not completed!
com.alipay.remoting.util.FutureTaskNotCompleted: null
	at com.alipay.remoting.util.RunStateRecordedFutureTask.getAfterRun(RunStateRecordedFutureTask.java:48)
	at com.alipay.remoting.util.FutureTaskUtil.getFutureTaskResult(FutureTaskUtil.java:43)
	at com.alipay.remoting.DefaultConnectionManager.getConnectionPool(DefaultConnectionManager.java:563)
	at com.alipay.remoting.DefaultConnectionManager.scan(DefaultConnectionManager.java:439)
	at com.alipay.remoting.rpc.RpcTaskScanner$2.run(RpcTaskScanner.java:60)
	at java.util.concurrent.Executors$RunnableAdapter.call(Executors.java:511)
	at java.util.concurrent.FutureTask.runAndReset(FutureTask.java:308)
	at java.util.concurrent.ScheduledThreadPoolExecutor$ScheduledFutureTask.access$301(ScheduledThreadPoolExecutor.java:180)
	at java.util.concurrent.ScheduledThreadPoolExecutor$ScheduledFutureTask.run(ScheduledThreadPoolExecutor.java:294)
	at java.util.concurrent.ThreadPoolExecutor.runWorker(ThreadPoolExecutor.java:1149)
	at java.util.concurrent.ThreadPoolExecutor$Worker.run(ThreadPoolExecutor.java:624)
	at java.lang.Thread.run(Thread.java:748)
2019-03-23 16:02:28,271 ERROR [FutureTaskUtil#51] [RpcTaskScannerThread] Future task has not completed!
com.alipay.remoting.util.FutureTaskNotCompleted: null
	at com.alipay.remoting.util.RunStateRecordedFutureTask.getAfterRun(RunStateRecordedFutureTask.java:48)
	at com.alipay.remoting.util.FutureTaskUtil.getFutureTaskResult(FutureTaskUtil.java:43)
	at com.alipay.remoting.DefaultConnectionManager.getConnectionPool(DefaultConnectionManager.java:563)
	at com.alipay.remoting.DefaultConnectionManager.scan(DefaultConnectionManager.java:439)
	at com.alipay.remoting.rpc.RpcTaskScanner$2.run(RpcTaskScanner.java:60)
	at java.util.concurrent.Executors$RunnableAdapter.call(Executors.java:511)
	at java.util.concurrent.FutureTask.runAndReset(FutureTask.java:308)
	at java.util.concurrent.ScheduledThreadPoolExecutor$ScheduledFutureTask.access$301(ScheduledThreadPoolExecutor.java:180)
	at java.util.concurrent.ScheduledThreadPoolExecutor$ScheduledFutureTask.run(ScheduledThreadPoolExecutor.java:294)
	at java.util.concurrent.ThreadPoolExecutor.runWorker(ThreadPoolExecutor.java:1149)
	at java.util.concurrent.ThreadPoolExecutor$Worker.run(ThreadPoolExecutor.java:624)
	at java.lang.Thread.run(Thread.java:748)
2019-03-23 16:04:18,295 ERROR [FutureTaskUtil#51] [RpcTaskScannerThread] Future task has not completed!
com.alipay.remoting.util.FutureTaskNotCompleted: null
	at com.alipay.remoting.util.RunStateRecordedFutureTask.getAfterRun(RunStateRecordedFutureTask.java:48)
	at com.alipay.remoting.util.FutureTaskUtil.getFutureTaskResult(FutureTaskUtil.java:43)
	at com.alipay.remoting.DefaultConnectionManager.getConnectionPool(DefaultConnectionManager.java:563)
	at com.alipay.remoting.DefaultConnectionManager.scan(DefaultConnectionManager.java:439)
	at com.alipay.remoting.rpc.RpcTaskScanner$2.run(RpcTaskScanner.java:60)
	at java.util.concurrent.Executors$RunnableAdapter.call(Executors.java:511)
	at java.util.concurrent.FutureTask.runAndReset(FutureTask.java:308)
	at java.util.concurrent.ScheduledThreadPoolExecutor$ScheduledFutureTask.access$301(ScheduledThreadPoolExecutor.java:180)
	at java.util.concurrent.ScheduledThreadPoolExecutor$ScheduledFutureTask.run(ScheduledThreadPoolExecutor.java:294)
	at java.util.concurrent.ThreadPoolExecutor.runWorker(ThreadPoolExecutor.java:1149)
	at java.util.concurrent.ThreadPoolExecutor$Worker.run(ThreadPoolExecutor.java:624)
	at java.lang.Thread.run(Thread.java:748)
2019-03-23 16:06:08,312 ERROR [FutureTaskUtil#51] [RpcTaskScannerThread] Future task has not completed!
com.alipay.remoting.util.FutureTaskNotCompleted: null
	at com.alipay.remoting.util.RunStateRecordedFutureTask.getAfterRun(RunStateRecordedFutureTask.java:48)
	at com.alipay.remoting.util.FutureTaskUtil.getFutureTaskResult(FutureTaskUtil.java:43)
	at com.alipay.remoting.DefaultConnectionManager.getConnectionPool(DefaultConnectionManager.java:563)
	at com.alipay.remoting.DefaultConnectionManager.scan(DefaultConnectionManager.java:439)
	at com.alipay.remoting.rpc.RpcTaskScanner$2.run(RpcTaskScanner.java:60)
	at java.util.concurrent.Executors$RunnableAdapter.call(Executors.java:511)
	at java.util.concurrent.FutureTask.runAndReset(FutureTask.java:308)
	at java.util.concurrent.ScheduledThreadPoolExecutor$ScheduledFutureTask.access$301(ScheduledThreadPoolExecutor.java:180)
	at java.util.concurrent.ScheduledThreadPoolExecutor$ScheduledFutureTask.run(ScheduledThreadPoolExecutor.java:294)
	at java.util.concurrent.ThreadPoolExecutor.runWorker(ThreadPoolExecutor.java:1149)
	at java.util.concurrent.ThreadPoolExecutor$Worker.run(ThreadPoolExecutor.java:624)
	at java.lang.Thread.run(Thread.java:748)
2019-03-23 16:07:58,320 ERROR [FutureTaskUtil#51] [RpcTaskScannerThread] Future task has not completed!
com.alipay.remoting.util.FutureTaskNotCompleted: null
	at com.alipay.remoting.util.RunStateRecordedFutureTask.getAfterRun(RunStateRecordedFutureTask.java:48)
	at com.alipay.remoting.util.FutureTaskUtil.getFutureTaskResult(FutureTaskUtil.java:43)
	at com.alipay.remoting.DefaultConnectionManager.getConnectionPool(DefaultConnectionManager.java:563)
	at com.alipay.remoting.DefaultConnectionManager.scan(DefaultConnectionManager.java:439)
	at com.alipay.remoting.rpc.RpcTaskScanner$2.run(RpcTaskScanner.java:60)
	at java.util.concurrent.Executors$RunnableAdapter.call(Executors.java:511)
	at java.util.concurrent.FutureTask.runAndReset(FutureTask.java:308)
	at java.util.concurrent.ScheduledThreadPoolExecutor$ScheduledFutureTask.access$301(ScheduledThreadPoolExecutor.java:180)
	at java.util.concurrent.ScheduledThreadPoolExecutor$ScheduledFutureTask.run(ScheduledThreadPoolExecutor.java:294)
	at java.util.concurrent.ThreadPoolExecutor.runWorker(ThreadPoolExecutor.java:1149)
	at java.util.concurrent.ThreadPoolExecutor$Worker.run(ThreadPoolExecutor.java:624)
	at java.lang.Thread.run(Thread.java:748)
2019-03-23 16:09:48,335 ERROR [FutureTaskUtil#51] [RpcTaskScannerThread] Future task has not completed!
com.alipay.remoting.util.FutureTaskNotCompleted: null
	at com.alipay.remoting.util.RunStateRecordedFutureTask.getAfterRun(RunStateRecordedFutureTask.java:48)
	at com.alipay.remoting.util.FutureTaskUtil.getFutureTaskResult(FutureTaskUtil.java:43)
	at com.alipay.remoting.DefaultConnectionManager.getConnectionPool(DefaultConnectionManager.java:563)
	at com.alipay.remoting.DefaultConnectionManager.scan(DefaultConnectionManager.java:439)
	at com.alipay.remoting.rpc.RpcTaskScanner$2.run(RpcTaskScanner.java:60)
	at java.util.concurrent.Executors$RunnableAdapter.call(Executors.java:511)
	at java.util.concurrent.FutureTask.runAndReset(FutureTask.java:308)
	at java.util.concurrent.ScheduledThreadPoolExecutor$ScheduledFutureTask.access$301(ScheduledThreadPoolExecutor.java:180)
	at java.util.concurrent.ScheduledThreadPoolExecutor$ScheduledFutureTask.run(ScheduledThreadPoolExecutor.java:294)
	at java.util.concurrent.ThreadPoolExecutor.runWorker(ThreadPoolExecutor.java:1149)
	at java.util.concurrent.ThreadPoolExecutor$Worker.run(ThreadPoolExecutor.java:624)
	at java.lang.Thread.run(Thread.java:748)
2019-03-23 16:11:38,361 ERROR [FutureTaskUtil#51] [RpcTaskScannerThread] Future task has not completed!
com.alipay.remoting.util.FutureTaskNotCompleted: null
	at com.alipay.remoting.util.RunStateRecordedFutureTask.getAfterRun(RunStateRecordedFutureTask.java:48)
	at com.alipay.remoting.util.FutureTaskUtil.getFutureTaskResult(FutureTaskUtil.java:43)
	at com.alipay.remoting.DefaultConnectionManager.getConnectionPool(DefaultConnectionManager.java:563)
	at com.alipay.remoting.DefaultConnectionManager.scan(DefaultConnectionManager.java:439)
	at com.alipay.remoting.rpc.RpcTaskScanner$2.run(RpcTaskScanner.java:60)
	at java.util.concurrent.Executors$RunnableAdapter.call(Executors.java:511)
	at java.util.concurrent.FutureTask.runAndReset(FutureTask.java:308)
	at java.util.concurrent.ScheduledThreadPoolExecutor$ScheduledFutureTask.access$301(ScheduledThreadPoolExecutor.java:180)
	at java.util.concurrent.ScheduledThreadPoolExecutor$ScheduledFutureTask.run(ScheduledThreadPoolExecutor.java:294)
	at java.util.concurrent.ThreadPoolExecutor.runWorker(ThreadPoolExecutor.java:1149)
	at java.util.concurrent.ThreadPoolExecutor$Worker.run(ThreadPoolExecutor.java:624)
	at java.lang.Thread.run(Thread.java:748)
2019-03-23 16:13:28,382 ERROR [FutureTaskUtil#51] [RpcTaskScannerThread] Future task has not completed!
com.alipay.remoting.util.FutureTaskNotCompleted: null
	at com.alipay.remoting.util.RunStateRecordedFutureTask.getAfterRun(RunStateRecordedFutureTask.java:48)
	at com.alipay.remoting.util.FutureTaskUtil.getFutureTaskResult(FutureTaskUtil.java:43)
	at com.alipay.remoting.DefaultConnectionManager.getConnectionPool(DefaultConnectionManager.java:563)
	at com.alipay.remoting.DefaultConnectionManager.scan(DefaultConnectionManager.java:439)
	at com.alipay.remoting.rpc.RpcTaskScanner$2.run(RpcTaskScanner.java:60)
	at java.util.concurrent.Executors$RunnableAdapter.call(Executors.java:511)
	at java.util.concurrent.FutureTask.runAndReset(FutureTask.java:308)
	at java.util.concurrent.ScheduledThreadPoolExecutor$ScheduledFutureTask.access$301(ScheduledThreadPoolExecutor.java:180)
	at java.util.concurrent.ScheduledThreadPoolExecutor$ScheduledFutureTask.run(ScheduledThreadPoolExecutor.java:294)
	at java.util.concurrent.ThreadPoolExecutor.runWorker(ThreadPoolExecutor.java:1149)
	at java.util.concurrent.ThreadPoolExecutor$Worker.run(ThreadPoolExecutor.java:624)
	at java.lang.Thread.run(Thread.java:748)
2019-03-23 16:15:18,393 ERROR [FutureTaskUtil#51] [RpcTaskScannerThread] Future task has not completed!
com.alipay.remoting.util.FutureTaskNotCompleted: null
	at com.alipay.remoting.util.RunStateRecordedFutureTask.getAfterRun(RunStateRecordedFutureTask.java:48)
	at com.alipay.remoting.util.FutureTaskUtil.getFutureTaskResult(FutureTaskUtil.java:43)
	at com.alipay.remoting.DefaultConnectionManager.getConnectionPool(DefaultConnectionManager.java:563)
	at com.alipay.remoting.DefaultConnectionManager.scan(DefaultConnectionManager.java:439)
	at com.alipay.remoting.rpc.RpcTaskScanner$2.run(RpcTaskScanner.java:60)
	at java.util.concurrent.Executors$RunnableAdapter.call(Executors.java:511)
	at java.util.concurrent.FutureTask.runAndReset(FutureTask.java:308)
	at java.util.concurrent.ScheduledThreadPoolExecutor$ScheduledFutureTask.access$301(ScheduledThreadPoolExecutor.java:180)
	at java.util.concurrent.ScheduledThreadPoolExecutor$ScheduledFutureTask.run(ScheduledThreadPoolExecutor.java:294)
	at java.util.concurrent.ThreadPoolExecutor.runWorker(ThreadPoolExecutor.java:1149)
	at java.util.concurrent.ThreadPoolExecutor$Worker.run(ThreadPoolExecutor.java:624)
	at java.lang.Thread.run(Thread.java:748)
2019-03-23 16:17:08,420 ERROR [FutureTaskUtil#51] [RpcTaskScannerThread] Future task has not completed!
com.alipay.remoting.util.FutureTaskNotCompleted: null
	at com.alipay.remoting.util.RunStateRecordedFutureTask.getAfterRun(RunStateRecordedFutureTask.java:48)
	at com.alipay.remoting.util.FutureTaskUtil.getFutureTaskResult(FutureTaskUtil.java:43)
	at com.alipay.remoting.DefaultConnectionManager.getConnectionPool(DefaultConnectionManager.java:563)
	at com.alipay.remoting.DefaultConnectionManager.scan(DefaultConnectionManager.java:439)
	at com.alipay.remoting.rpc.RpcTaskScanner$2.run(RpcTaskScanner.java:60)
	at java.util.concurrent.Executors$RunnableAdapter.call(Executors.java:511)
	at java.util.concurrent.FutureTask.runAndReset(FutureTask.java:308)
	at java.util.concurrent.ScheduledThreadPoolExecutor$ScheduledFutureTask.access$301(ScheduledThreadPoolExecutor.java:180)
	at java.util.concurrent.ScheduledThreadPoolExecutor$ScheduledFutureTask.run(ScheduledThreadPoolExecutor.java:294)
	at java.util.concurrent.ThreadPoolExecutor.runWorker(ThreadPoolExecutor.java:1149)
	at java.util.concurrent.ThreadPoolExecutor$Worker.run(ThreadPoolExecutor.java:624)
	at java.lang.Thread.run(Thread.java:748)
2019-03-23 16:18:58,431 ERROR [FutureTaskUtil#51] [RpcTaskScannerThread] Future task has not completed!
com.alipay.remoting.util.FutureTaskNotCompleted: null
	at com.alipay.remoting.util.RunStateRecordedFutureTask.getAfterRun(RunStateRecordedFutureTask.java:48)
	at com.alipay.remoting.util.FutureTaskUtil.getFutureTaskResult(FutureTaskUtil.java:43)
	at com.alipay.remoting.DefaultConnectionManager.getConnectionPool(DefaultConnectionManager.java:563)
	at com.alipay.remoting.DefaultConnectionManager.scan(DefaultConnectionManager.java:439)
	at com.alipay.remoting.rpc.RpcTaskScanner$2.run(RpcTaskScanner.java:60)
	at java.util.concurrent.Executors$RunnableAdapter.call(Executors.java:511)
	at java.util.concurrent.FutureTask.runAndReset(FutureTask.java:308)
	at java.util.concurrent.ScheduledThreadPoolExecutor$ScheduledFutureTask.access$301(ScheduledThreadPoolExecutor.java:180)
	at java.util.concurrent.ScheduledThreadPoolExecutor$ScheduledFutureTask.run(ScheduledThreadPoolExecutor.java:294)
	at java.util.concurrent.ThreadPoolExecutor.runWorker(ThreadPoolExecutor.java:1149)
	at java.util.concurrent.ThreadPoolExecutor$Worker.run(ThreadPoolExecutor.java:624)
	at java.lang.Thread.run(Thread.java:748)
2019-03-23 16:20:48,450 ERROR [FutureTaskUtil#51] [RpcTaskScannerThread] Future task has not completed!
com.alipay.remoting.util.FutureTaskNotCompleted: null
	at com.alipay.remoting.util.RunStateRecordedFutureTask.getAfterRun(RunStateRecordedFutureTask.java:48)
	at com.alipay.remoting.util.FutureTaskUtil.getFutureTaskResult(FutureTaskUtil.java:43)
	at com.alipay.remoting.DefaultConnectionManager.getConnectionPool(DefaultConnectionManager.java:563)
	at com.alipay.remoting.DefaultConnectionManager.scan(DefaultConnectionManager.java:439)
	at com.alipay.remoting.rpc.RpcTaskScanner$2.run(RpcTaskScanner.java:60)
	at java.util.concurrent.Executors$RunnableAdapter.call(Executors.java:511)
	at java.util.concurrent.FutureTask.runAndReset(FutureTask.java:308)
	at java.util.concurrent.ScheduledThreadPoolExecutor$ScheduledFutureTask.access$301(ScheduledThreadPoolExecutor.java:180)
	at java.util.concurrent.ScheduledThreadPoolExecutor$ScheduledFutureTask.run(ScheduledThreadPoolExecutor.java:294)
	at java.util.concurrent.ThreadPoolExecutor.runWorker(ThreadPoolExecutor.java:1149)
	at java.util.concurrent.ThreadPoolExecutor$Worker.run(ThreadPoolExecutor.java:624)
	at java.lang.Thread.run(Thread.java:748)
2019-03-23 16:22:38,482 ERROR [FutureTaskUtil#51] [RpcTaskScannerThread] Future task has not completed!
com.alipay.remoting.util.FutureTaskNotCompleted: null
	at com.alipay.remoting.util.RunStateRecordedFutureTask.getAfterRun(RunStateRecordedFutureTask.java:48)
	at com.alipay.remoting.util.FutureTaskUtil.getFutureTaskResult(FutureTaskUtil.java:43)
	at com.alipay.remoting.DefaultConnectionManager.getConnectionPool(DefaultConnectionManager.java:563)
	at com.alipay.remoting.DefaultConnectionManager.scan(DefaultConnectionManager.java:439)
	at com.alipay.remoting.rpc.RpcTaskScanner$2.run(RpcTaskScanner.java:60)
	at java.util.concurrent.Executors$RunnableAdapter.call(Executors.java:511)
	at java.util.concurrent.FutureTask.runAndReset(FutureTask.java:308)
	at java.util.concurrent.ScheduledThreadPoolExecutor$ScheduledFutureTask.access$301(ScheduledThreadPoolExecutor.java:180)
	at java.util.concurrent.ScheduledThreadPoolExecutor$ScheduledFutureTask.run(ScheduledThreadPoolExecutor.java:294)
	at java.util.concurrent.ThreadPoolExecutor.runWorker(ThreadPoolExecutor.java:1149)
	at java.util.concurrent.ThreadPoolExecutor$Worker.run(ThreadPoolExecutor.java:624)
	at java.lang.Thread.run(Thread.java:748)
2019-03-23 16:24:18,503 ERROR [FutureTaskUtil#51] [RpcTaskScannerThread] Future task has not completed!
com.alipay.remoting.util.FutureTaskNotCompleted: null
	at com.alipay.remoting.util.RunStateRecordedFutureTask.getAfterRun(RunStateRecordedFutureTask.java:48)
	at com.alipay.remoting.util.FutureTaskUtil.getFutureTaskResult(FutureTaskUtil.java:43)
	at com.alipay.remoting.DefaultConnectionManager.getConnectionPool(DefaultConnectionManager.java:563)
	at com.alipay.remoting.DefaultConnectionManager.scan(DefaultConnectionManager.java:439)
	at com.alipay.remoting.rpc.RpcTaskScanner$2.run(RpcTaskScanner.java:60)
	at java.util.concurrent.Executors$RunnableAdapter.call(Executors.java:511)
	at java.util.concurrent.FutureTask.runAndReset(FutureTask.java:308)
	at java.util.concurrent.ScheduledThreadPoolExecutor$ScheduledFutureTask.access$301(ScheduledThreadPoolExecutor.java:180)
	at java.util.concurrent.ScheduledThreadPoolExecutor$ScheduledFutureTask.run(ScheduledThreadPoolExecutor.java:294)
	at java.util.concurrent.ThreadPoolExecutor.runWorker(ThreadPoolExecutor.java:1149)
	at java.util.concurrent.ThreadPoolExecutor$Worker.run(ThreadPoolExecutor.java:624)
	at java.lang.Thread.run(Thread.java:748)
2019-03-23 16:26:08,516 ERROR [FutureTaskUtil#51] [RpcTaskScannerThread] Future task has not completed!
com.alipay.remoting.util.FutureTaskNotCompleted: null
	at com.alipay.remoting.util.RunStateRecordedFutureTask.getAfterRun(RunStateRecordedFutureTask.java:48)
	at com.alipay.remoting.util.FutureTaskUtil.getFutureTaskResult(FutureTaskUtil.java:43)
	at com.alipay.remoting.DefaultConnectionManager.getConnectionPool(DefaultConnectionManager.java:563)
	at com.alipay.remoting.DefaultConnectionManager.scan(DefaultConnectionManager.java:439)
	at com.alipay.remoting.rpc.RpcTaskScanner$2.run(RpcTaskScanner.java:60)
	at java.util.concurrent.Executors$RunnableAdapter.call(Executors.java:511)
	at java.util.concurrent.FutureTask.runAndReset(FutureTask.java:308)
	at java.util.concurrent.ScheduledThreadPoolExecutor$ScheduledFutureTask.access$301(ScheduledThreadPoolExecutor.java:180)
	at java.util.concurrent.ScheduledThreadPoolExecutor$ScheduledFutureTask.run(ScheduledThreadPoolExecutor.java:294)
	at java.util.concurrent.ThreadPoolExecutor.runWorker(ThreadPoolExecutor.java:1149)
	at java.util.concurrent.ThreadPoolExecutor$Worker.run(ThreadPoolExecutor.java:624)
	at java.lang.Thread.run(Thread.java:748)
2019-03-23 16:27:58,543 ERROR [FutureTaskUtil#51] [RpcTaskScannerThread] Future task has not completed!
com.alipay.remoting.util.FutureTaskNotCompleted: null
	at com.alipay.remoting.util.RunStateRecordedFutureTask.getAfterRun(RunStateRecordedFutureTask.java:48)
	at com.alipay.remoting.util.FutureTaskUtil.getFutureTaskResult(FutureTaskUtil.java:43)
	at com.alipay.remoting.DefaultConnectionManager.getConnectionPool(DefaultConnectionManager.java:563)
	at com.alipay.remoting.DefaultConnectionManager.scan(DefaultConnectionManager.java:439)
	at com.alipay.remoting.rpc.RpcTaskScanner$2.run(RpcTaskScanner.java:60)
	at java.util.concurrent.Executors$RunnableAdapter.call(Executors.java:511)
	at java.util.concurrent.FutureTask.runAndReset(FutureTask.java:308)
	at java.util.concurrent.ScheduledThreadPoolExecutor$ScheduledFutureTask.access$301(ScheduledThreadPoolExecutor.java:180)
	at java.util.concurrent.ScheduledThreadPoolExecutor$ScheduledFutureTask.run(ScheduledThreadPoolExecutor.java:294)
	at java.util.concurrent.ThreadPoolExecutor.runWorker(ThreadPoolExecutor.java:1149)
	at java.util.concurrent.ThreadPoolExecutor$Worker.run(ThreadPoolExecutor.java:624)
	at java.lang.Thread.run(Thread.java:748)
2019-03-23 16:29:48,552 ERROR [FutureTaskUtil#51] [RpcTaskScannerThread] Future task has not completed!
com.alipay.remoting.util.FutureTaskNotCompleted: null
	at com.alipay.remoting.util.RunStateRecordedFutureTask.getAfterRun(RunStateRecordedFutureTask.java:48)
	at com.alipay.remoting.util.FutureTaskUtil.getFutureTaskResult(FutureTaskUtil.java:43)
	at com.alipay.remoting.DefaultConnectionManager.getConnectionPool(DefaultConnectionManager.java:563)
	at com.alipay.remoting.DefaultConnectionManager.scan(DefaultConnectionManager.java:439)
	at com.alipay.remoting.rpc.RpcTaskScanner$2.run(RpcTaskScanner.java:60)
	at java.util.concurrent.Executors$RunnableAdapter.call(Executors.java:511)
	at java.util.concurrent.FutureTask.runAndReset(FutureTask.java:308)
	at java.util.concurrent.ScheduledThreadPoolExecutor$ScheduledFutureTask.access$301(ScheduledThreadPoolExecutor.java:180)
	at java.util.concurrent.ScheduledThreadPoolExecutor$ScheduledFutureTask.run(ScheduledThreadPoolExecutor.java:294)
	at java.util.concurrent.ThreadPoolExecutor.runWorker(ThreadPoolExecutor.java:1149)
	at java.util.concurrent.ThreadPoolExecutor$Worker.run(ThreadPoolExecutor.java:624)
	at java.lang.Thread.run(Thread.java:748)
2019-03-23 16:31:38,570 ERROR [FutureTaskUtil#51] [RpcTaskScannerThread] Future task has not completed!
com.alipay.remoting.util.FutureTaskNotCompleted: null
	at com.alipay.remoting.util.RunStateRecordedFutureTask.getAfterRun(RunStateRecordedFutureTask.java:48)
	at com.alipay.remoting.util.FutureTaskUtil.getFutureTaskResult(FutureTaskUtil.java:43)
	at com.alipay.remoting.DefaultConnectionManager.getConnectionPool(DefaultConnectionManager.java:563)
	at com.alipay.remoting.DefaultConnectionManager.scan(DefaultConnectionManager.java:439)
	at com.alipay.remoting.rpc.RpcTaskScanner$2.run(RpcTaskScanner.java:60)
	at java.util.concurrent.Executors$RunnableAdapter.call(Executors.java:511)
	at java.util.concurrent.FutureTask.runAndReset(FutureTask.java:308)
	at java.util.concurrent.ScheduledThreadPoolExecutor$ScheduledFutureTask.access$301(ScheduledThreadPoolExecutor.java:180)
	at java.util.concurrent.ScheduledThreadPoolExecutor$ScheduledFutureTask.run(ScheduledThreadPoolExecutor.java:294)
	at java.util.concurrent.ThreadPoolExecutor.runWorker(ThreadPoolExecutor.java:1149)
	at java.util.concurrent.ThreadPoolExecutor$Worker.run(ThreadPoolExecutor.java:624)
	at java.lang.Thread.run(Thread.java:748)
2019-03-23 16:33:28,582 ERROR [FutureTaskUtil#51] [RpcTaskScannerThread] Future task has not completed!
com.alipay.remoting.util.FutureTaskNotCompleted: null
	at com.alipay.remoting.util.RunStateRecordedFutureTask.getAfterRun(RunStateRecordedFutureTask.java:48)
	at com.alipay.remoting.util.FutureTaskUtil.getFutureTaskResult(FutureTaskUtil.java:43)
	at com.alipay.remoting.DefaultConnectionManager.getConnectionPool(DefaultConnectionManager.java:563)
	at com.alipay.remoting.DefaultConnectionManager.scan(DefaultConnectionManager.java:439)
	at com.alipay.remoting.rpc.RpcTaskScanner$2.run(RpcTaskScanner.java:60)
	at java.util.concurrent.Executors$RunnableAdapter.call(Executors.java:511)
	at java.util.concurrent.FutureTask.runAndReset(FutureTask.java:308)
	at java.util.concurrent.ScheduledThreadPoolExecutor$ScheduledFutureTask.access$301(ScheduledThreadPoolExecutor.java:180)
	at java.util.concurrent.ScheduledThreadPoolExecutor$ScheduledFutureTask.run(ScheduledThreadPoolExecutor.java:294)
	at java.util.concurrent.ThreadPoolExecutor.runWorker(ThreadPoolExecutor.java:1149)
	at java.util.concurrent.ThreadPoolExecutor$Worker.run(ThreadPoolExecutor.java:624)
	at java.lang.Thread.run(Thread.java:748)
2019-03-23 16:35:18,600 ERROR [FutureTaskUtil#51] [RpcTaskScannerThread] Future task has not completed!
com.alipay.remoting.util.FutureTaskNotCompleted: null
	at com.alipay.remoting.util.RunStateRecordedFutureTask.getAfterRun(RunStateRecordedFutureTask.java:48)
	at com.alipay.remoting.util.FutureTaskUtil.getFutureTaskResult(FutureTaskUtil.java:43)
	at com.alipay.remoting.DefaultConnectionManager.getConnectionPool(DefaultConnectionManager.java:563)
	at com.alipay.remoting.DefaultConnectionManager.scan(DefaultConnectionManager.java:439)
	at com.alipay.remoting.rpc.RpcTaskScanner$2.run(RpcTaskScanner.java:60)
	at java.util.concurrent.Executors$RunnableAdapter.call(Executors.java:511)
	at java.util.concurrent.FutureTask.runAndReset(FutureTask.java:308)
	at java.util.concurrent.ScheduledThreadPoolExecutor$ScheduledFutureTask.access$301(ScheduledThreadPoolExecutor.java:180)
	at java.util.concurrent.ScheduledThreadPoolExecutor$ScheduledFutureTask.run(ScheduledThreadPoolExecutor.java:294)
	at java.util.concurrent.ThreadPoolExecutor.runWorker(ThreadPoolExecutor.java:1149)
	at java.util.concurrent.ThreadPoolExecutor$Worker.run(ThreadPoolExecutor.java:624)
	at java.lang.Thread.run(Thread.java:748)
2019-03-23 16:37:08,616 ERROR [FutureTaskUtil#51] [RpcTaskScannerThread] Future task has not completed!
com.alipay.remoting.util.FutureTaskNotCompleted: null
	at com.alipay.remoting.util.RunStateRecordedFutureTask.getAfterRun(RunStateRecordedFutureTask.java:48)
	at com.alipay.remoting.util.FutureTaskUtil.getFutureTaskResult(FutureTaskUtil.java:43)
	at com.alipay.remoting.DefaultConnectionManager.getConnectionPool(DefaultConnectionManager.java:563)
	at com.alipay.remoting.DefaultConnectionManager.scan(DefaultConnectionManager.java:439)
	at com.alipay.remoting.rpc.RpcTaskScanner$2.run(RpcTaskScanner.java:60)
	at java.util.concurrent.Executors$RunnableAdapter.call(Executors.java:511)
	at java.util.concurrent.FutureTask.runAndReset(FutureTask.java:308)
	at java.util.concurrent.ScheduledThreadPoolExecutor$ScheduledFutureTask.access$301(ScheduledThreadPoolExecutor.java:180)
	at java.util.concurrent.ScheduledThreadPoolExecutor$ScheduledFutureTask.run(ScheduledThreadPoolExecutor.java:294)
	at java.util.concurrent.ThreadPoolExecutor.runWorker(ThreadPoolExecutor.java:1149)
	at java.util.concurrent.ThreadPoolExecutor$Worker.run(ThreadPoolExecutor.java:624)
	at java.lang.Thread.run(Thread.java:748)
2019-03-23 16:38:58,632 ERROR [FutureTaskUtil#51] [RpcTaskScannerThread] Future task has not completed!
com.alipay.remoting.util.FutureTaskNotCompleted: null
	at com.alipay.remoting.util.RunStateRecordedFutureTask.getAfterRun(RunStateRecordedFutureTask.java:48)
	at com.alipay.remoting.util.FutureTaskUtil.getFutureTaskResult(FutureTaskUtil.java:43)
	at com.alipay.remoting.DefaultConnectionManager.getConnectionPool(DefaultConnectionManager.java:563)
	at com.alipay.remoting.DefaultConnectionManager.scan(DefaultConnectionManager.java:439)
	at com.alipay.remoting.rpc.RpcTaskScanner$2.run(RpcTaskScanner.java:60)
	at java.util.concurrent.Executors$RunnableAdapter.call(Executors.java:511)
	at java.util.concurrent.FutureTask.runAndReset(FutureTask.java:308)
	at java.util.concurrent.ScheduledThreadPoolExecutor$ScheduledFutureTask.access$301(ScheduledThreadPoolExecutor.java:180)
	at java.util.concurrent.ScheduledThreadPoolExecutor$ScheduledFutureTask.run(ScheduledThreadPoolExecutor.java:294)
	at java.util.concurrent.ThreadPoolExecutor.runWorker(ThreadPoolExecutor.java:1149)
	at java.util.concurrent.ThreadPoolExecutor$Worker.run(ThreadPoolExecutor.java:624)
	at java.lang.Thread.run(Thread.java:748)
2019-03-23 16:40:48,647 ERROR [FutureTaskUtil#51] [RpcTaskScannerThread] Future task has not completed!
com.alipay.remoting.util.FutureTaskNotCompleted: null
	at com.alipay.remoting.util.RunStateRecordedFutureTask.getAfterRun(RunStateRecordedFutureTask.java:48)
	at com.alipay.remoting.util.FutureTaskUtil.getFutureTaskResult(FutureTaskUtil.java:43)
	at com.alipay.remoting.DefaultConnectionManager.getConnectionPool(DefaultConnectionManager.java:563)
	at com.alipay.remoting.DefaultConnectionManager.scan(DefaultConnectionManager.java:439)
	at com.alipay.remoting.rpc.RpcTaskScanner$2.run(RpcTaskScanner.java:60)
	at java.util.concurrent.Executors$RunnableAdapter.call(Executors.java:511)
	at java.util.concurrent.FutureTask.runAndReset(FutureTask.java:308)
	at java.util.concurrent.ScheduledThreadPoolExecutor$ScheduledFutureTask.access$301(ScheduledThreadPoolExecutor.java:180)
	at java.util.concurrent.ScheduledThreadPoolExecutor$ScheduledFutureTask.run(ScheduledThreadPoolExecutor.java:294)
	at java.util.concurrent.ThreadPoolExecutor.runWorker(ThreadPoolExecutor.java:1149)
	at java.util.concurrent.ThreadPoolExecutor$Worker.run(ThreadPoolExecutor.java:624)
	at java.lang.Thread.run(Thread.java:748)
2019-03-23 16:42:38,666 ERROR [FutureTaskUtil#51] [RpcTaskScannerThread] Future task has not completed!
com.alipay.remoting.util.FutureTaskNotCompleted: null
	at com.alipay.remoting.util.RunStateRecordedFutureTask.getAfterRun(RunStateRecordedFutureTask.java:48)
	at com.alipay.remoting.util.FutureTaskUtil.getFutureTaskResult(FutureTaskUtil.java:43)
	at com.alipay.remoting.DefaultConnectionManager.getConnectionPool(DefaultConnectionManager.java:563)
	at com.alipay.remoting.DefaultConnectionManager.scan(DefaultConnectionManager.java:439)
	at com.alipay.remoting.rpc.RpcTaskScanner$2.run(RpcTaskScanner.java:60)
	at java.util.concurrent.Executors$RunnableAdapter.call(Executors.java:511)
	at java.util.concurrent.FutureTask.runAndReset(FutureTask.java:308)
	at java.util.concurrent.ScheduledThreadPoolExecutor$ScheduledFutureTask.access$301(ScheduledThreadPoolExecutor.java:180)
	at java.util.concurrent.ScheduledThreadPoolExecutor$ScheduledFutureTask.run(ScheduledThreadPoolExecutor.java:294)
	at java.util.concurrent.ThreadPoolExecutor.runWorker(ThreadPoolExecutor.java:1149)
	at java.util.concurrent.ThreadPoolExecutor$Worker.run(ThreadPoolExecutor.java:624)
	at java.lang.Thread.run(Thread.java:748)
2019-03-23 16:44:28,688 ERROR [FutureTaskUtil#51] [RpcTaskScannerThread] Future task has not completed!
com.alipay.remoting.util.FutureTaskNotCompleted: null
	at com.alipay.remoting.util.RunStateRecordedFutureTask.getAfterRun(RunStateRecordedFutureTask.java:48)
	at com.alipay.remoting.util.FutureTaskUtil.getFutureTaskResult(FutureTaskUtil.java:43)
	at com.alipay.remoting.DefaultConnectionManager.getConnectionPool(DefaultConnectionManager.java:563)
	at com.alipay.remoting.DefaultConnectionManager.scan(DefaultConnectionManager.java:439)
	at com.alipay.remoting.rpc.RpcTaskScanner$2.run(RpcTaskScanner.java:60)
	at java.util.concurrent.Executors$RunnableAdapter.call(Executors.java:511)
	at java.util.concurrent.FutureTask.runAndReset(FutureTask.java:308)
	at java.util.concurrent.ScheduledThreadPoolExecutor$ScheduledFutureTask.access$301(ScheduledThreadPoolExecutor.java:180)
	at java.util.concurrent.ScheduledThreadPoolExecutor$ScheduledFutureTask.run(ScheduledThreadPoolExecutor.java:294)
	at java.util.concurrent.ThreadPoolExecutor.runWorker(ThreadPoolExecutor.java:1149)
	at java.util.concurrent.ThreadPoolExecutor$Worker.run(ThreadPoolExecutor.java:624)
	at java.lang.Thread.run(Thread.java:748)
2019-03-23 16:46:18,698 ERROR [FutureTaskUtil#51] [RpcTaskScannerThread] Future task has not completed!
com.alipay.remoting.util.FutureTaskNotCompleted: null
	at com.alipay.remoting.util.RunStateRecordedFutureTask.getAfterRun(RunStateRecordedFutureTask.java:48)
	at com.alipay.remoting.util.FutureTaskUtil.getFutureTaskResult(FutureTaskUtil.java:43)
	at com.alipay.remoting.DefaultConnectionManager.getConnectionPool(DefaultConnectionManager.java:563)
	at com.alipay.remoting.DefaultConnectionManager.scan(DefaultConnectionManager.java:439)
	at com.alipay.remoting.rpc.RpcTaskScanner$2.run(RpcTaskScanner.java:60)
	at java.util.concurrent.Executors$RunnableAdapter.call(Executors.java:511)
	at java.util.concurrent.FutureTask.runAndReset(FutureTask.java:308)
	at java.util.concurrent.ScheduledThreadPoolExecutor$ScheduledFutureTask.access$301(ScheduledThreadPoolExecutor.java:180)
	at java.util.concurrent.ScheduledThreadPoolExecutor$ScheduledFutureTask.run(ScheduledThreadPoolExecutor.java:294)
	at java.util.concurrent.ThreadPoolExecutor.runWorker(ThreadPoolExecutor.java:1149)
	at java.util.concurrent.ThreadPoolExecutor$Worker.run(ThreadPoolExecutor.java:624)
	at java.lang.Thread.run(Thread.java:748)
2019-03-23 16:48:08,711 ERROR [FutureTaskUtil#51] [RpcTaskScannerThread] Future task has not completed!
com.alipay.remoting.util.FutureTaskNotCompleted: null
	at com.alipay.remoting.util.RunStateRecordedFutureTask.getAfterRun(RunStateRecordedFutureTask.java:48)
	at com.alipay.remoting.util.FutureTaskUtil.getFutureTaskResult(FutureTaskUtil.java:43)
	at com.alipay.remoting.DefaultConnectionManager.getConnectionPool(DefaultConnectionManager.java:563)
	at com.alipay.remoting.DefaultConnectionManager.scan(DefaultConnectionManager.java:439)
	at com.alipay.remoting.rpc.RpcTaskScanner$2.run(RpcTaskScanner.java:60)
	at java.util.concurrent.Executors$RunnableAdapter.call(Executors.java:511)
	at java.util.concurrent.FutureTask.runAndReset(FutureTask.java:308)
	at java.util.concurrent.ScheduledThreadPoolExecutor$ScheduledFutureTask.access$301(ScheduledThreadPoolExecutor.java:180)
	at java.util.concurrent.ScheduledThreadPoolExecutor$ScheduledFutureTask.run(ScheduledThreadPoolExecutor.java:294)
	at java.util.concurrent.ThreadPoolExecutor.runWorker(ThreadPoolExecutor.java:1149)
	at java.util.concurrent.ThreadPoolExecutor$Worker.run(ThreadPoolExecutor.java:624)
	at java.lang.Thread.run(Thread.java:748)
2019-03-23 16:49:58,745 ERROR [FutureTaskUtil#51] [RpcTaskScannerThread] Future task has not completed!
com.alipay.remoting.util.FutureTaskNotCompleted: null
	at com.alipay.remoting.util.RunStateRecordedFutureTask.getAfterRun(RunStateRecordedFutureTask.java:48)
	at com.alipay.remoting.util.FutureTaskUtil.getFutureTaskResult(FutureTaskUtil.java:43)
	at com.alipay.remoting.DefaultConnectionManager.getConnectionPool(DefaultConnectionManager.java:563)
	at com.alipay.remoting.DefaultConnectionManager.scan(DefaultConnectionManager.java:439)
	at com.alipay.remoting.rpc.RpcTaskScanner$2.run(RpcTaskScanner.java:60)
	at java.util.concurrent.Executors$RunnableAdapter.call(Executors.java:511)
	at java.util.concurrent.FutureTask.runAndReset(FutureTask.java:308)
	at java.util.concurrent.ScheduledThreadPoolExecutor$ScheduledFutureTask.access$301(ScheduledThreadPoolExecutor.java:180)
	at java.util.concurrent.ScheduledThreadPoolExecutor$ScheduledFutureTask.run(ScheduledThreadPoolExecutor.java:294)
	at java.util.concurrent.ThreadPoolExecutor.runWorker(ThreadPoolExecutor.java:1149)
	at java.util.concurrent.ThreadPoolExecutor$Worker.run(ThreadPoolExecutor.java:624)
	at java.lang.Thread.run(Thread.java:748)
2019-03-23 16:51:48,750 ERROR [FutureTaskUtil#51] [RpcTaskScannerThread] Future task has not completed!
com.alipay.remoting.util.FutureTaskNotCompleted: null
	at com.alipay.remoting.util.RunStateRecordedFutureTask.getAfterRun(RunStateRecordedFutureTask.java:48)
	at com.alipay.remoting.util.FutureTaskUtil.getFutureTaskResult(FutureTaskUtil.java:43)
	at com.alipay.remoting.DefaultConnectionManager.getConnectionPool(DefaultConnectionManager.java:563)
	at com.alipay.remoting.DefaultConnectionManager.scan(DefaultConnectionManager.java:439)
	at com.alipay.remoting.rpc.RpcTaskScanner$2.run(RpcTaskScanner.java:60)
	at java.util.concurrent.Executors$RunnableAdapter.call(Executors.java:511)
	at java.util.concurrent.FutureTask.runAndReset(FutureTask.java:308)
	at java.util.concurrent.ScheduledThreadPoolExecutor$ScheduledFutureTask.access$301(ScheduledThreadPoolExecutor.java:180)
	at java.util.concurrent.ScheduledThreadPoolExecutor$ScheduledFutureTask.run(ScheduledThreadPoolExecutor.java:294)
	at java.util.concurrent.ThreadPoolExecutor.runWorker(ThreadPoolExecutor.java:1149)
	at java.util.concurrent.ThreadPoolExecutor$Worker.run(ThreadPoolExecutor.java:624)
	at java.lang.Thread.run(Thread.java:748)
2019-03-23 16:53:38,765 ERROR [FutureTaskUtil#51] [RpcTaskScannerThread] Future task has not completed!
com.alipay.remoting.util.FutureTaskNotCompleted: null
	at com.alipay.remoting.util.RunStateRecordedFutureTask.getAfterRun(RunStateRecordedFutureTask.java:48)
	at com.alipay.remoting.util.FutureTaskUtil.getFutureTaskResult(FutureTaskUtil.java:43)
	at com.alipay.remoting.DefaultConnectionManager.getConnectionPool(DefaultConnectionManager.java:563)
	at com.alipay.remoting.DefaultConnectionManager.scan(DefaultConnectionManager.java:439)
	at com.alipay.remoting.rpc.RpcTaskScanner$2.run(RpcTaskScanner.java:60)
	at java.util.concurrent.Executors$RunnableAdapter.call(Executors.java:511)
	at java.util.concurrent.FutureTask.runAndReset(FutureTask.java:308)
	at java.util.concurrent.ScheduledThreadPoolExecutor$ScheduledFutureTask.access$301(ScheduledThreadPoolExecutor.java:180)
	at java.util.concurrent.ScheduledThreadPoolExecutor$ScheduledFutureTask.run(ScheduledThreadPoolExecutor.java:294)
	at java.util.concurrent.ThreadPoolExecutor.runWorker(ThreadPoolExecutor.java:1149)
	at java.util.concurrent.ThreadPoolExecutor$Worker.run(ThreadPoolExecutor.java:624)
	at java.lang.Thread.run(Thread.java:748)
2019-03-23 18:21:18,435 ERROR [FutureTaskUtil#51] [RpcTaskScannerThread] Future task has not completed!
com.alipay.remoting.util.FutureTaskNotCompleted: null
	at com.alipay.remoting.util.RunStateRecordedFutureTask.getAfterRun(RunStateRecordedFutureTask.java:48)
	at com.alipay.remoting.util.FutureTaskUtil.getFutureTaskResult(FutureTaskUtil.java:43)
	at com.alipay.remoting.DefaultConnectionManager.getConnectionPool(DefaultConnectionManager.java:563)
	at com.alipay.remoting.DefaultConnectionManager.scan(DefaultConnectionManager.java:439)
	at com.alipay.remoting.rpc.RpcTaskScanner$2.run(RpcTaskScanner.java:60)
	at java.util.concurrent.Executors$RunnableAdapter.call(Executors.java:511)
	at java.util.concurrent.FutureTask.runAndReset(FutureTask.java:308)
	at java.util.concurrent.ScheduledThreadPoolExecutor$ScheduledFutureTask.access$301(ScheduledThreadPoolExecutor.java:180)
	at java.util.concurrent.ScheduledThreadPoolExecutor$ScheduledFutureTask.run(ScheduledThreadPoolExecutor.java:294)
	at java.util.concurrent.ThreadPoolExecutor.runWorker(ThreadPoolExecutor.java:1149)
	at java.util.concurrent.ThreadPoolExecutor$Worker.run(ThreadPoolExecutor.java:624)
	at java.lang.Thread.run(Thread.java:748)
