2019-03-23 15:11:08,973 ERROR main                             - Health check callback error
com.alipay.sofa.rpc.core.exception.SofaRpcRuntimeException: Failed to start jetty server at port 8341, cause: Address already in use
	at com.alipay.sofa.rpc.server.rest.RestServer.start(RestServer.java:145)
	at com.alipay.sofa.rpc.boot.container.ServerConfigContainer.startServers(ServerConfigContainer.java:99)
	at com.alipay.boot.sofarpc.spring.listener.RpcStartedListener.onApplicationEvent(RpcStartedListener.java:65)
	at com.alipay.boot.sofarpc.spring.listener.RpcStartedListener.onApplicationEvent(RpcStartedListener.java:38)
	at org.springframework.context.event.SimpleApplicationEventMulticaster.doInvokeListener(SimpleApplicationEventMulticaster.java:172)
	at org.springframework.context.event.SimpleApplicationEventMulticaster.invokeListener(SimpleApplicationEventMulticaster.java:165)
	at org.springframework.context.event.SimpleApplicationEventMulticaster.multicastEvent(SimpleApplicationEventMulticaster.java:139)
	at org.springframework.context.support.AbstractApplicationContext.publishEvent(AbstractApplicationContext.java:393)
	at org.springframework.context.support.AbstractApplicationContext.publishEvent(AbstractApplicationContext.java:347)
	at com.alipay.sofa.rpc.boot.health.RpcAfterHealthCheckCallback.onHealthy(RpcAfterHealthCheckCallback.java:50)
	at com.alipay.sofa.healthcheck.core.AfterHealthCheckCallbackProcessor.doHealthCheckCallback(AfterHealthCheckCallbackProcessor.java:161)
	at com.alipay.sofa.healthcheck.core.AfterHealthCheckCallbackProcessor.middlewareAfterHealthCheckCallback(AfterHealthCheckCallbackProcessor.java:119)
	at com.alipay.sofa.healthcheck.core.AfterHealthCheckCallbackProcessor.afterReadinessCheckCallback(AfterHealthCheckCallbackProcessor.java:96)
	at com.alipay.sofa.healthcheck.startup.ReadinessCheckListener.readinessHealthCheck(ReadinessCheckListener.java:126)
	at com.alipay.sofa.healthcheck.startup.ReadinessCheckListener.onApplicationEvent(ReadinessCheckListener.java:95)
	at com.alipay.sofa.healthcheck.startup.ReadinessCheckListener.onApplicationEvent(ReadinessCheckListener.java:43)
	at org.springframework.context.event.SimpleApplicationEventMulticaster.doInvokeListener(SimpleApplicationEventMulticaster.java:172)
	at org.springframework.context.event.SimpleApplicationEventMulticaster.invokeListener(SimpleApplicationEventMulticaster.java:165)
	at org.springframework.context.event.SimpleApplicationEventMulticaster.multicastEvent(SimpleApplicationEventMulticaster.java:139)
	at org.springframework.context.support.AbstractApplicationContext.publishEvent(AbstractApplicationContext.java:393)
	at org.springframework.context.support.AbstractApplicationContext.publishEvent(AbstractApplicationContext.java:347)
	at org.springframework.context.support.AbstractApplicationContext.finishRefresh(AbstractApplicationContext.java:883)
	at org.springframework.boot.context.embedded.EmbeddedWebApplicationContext.finishRefresh(EmbeddedWebApplicationContext.java:144)
	at org.springframework.context.support.AbstractApplicationContext.refresh(AbstractApplicationContext.java:546)
	at org.springframework.boot.context.embedded.EmbeddedWebApplicationContext.refresh(EmbeddedWebApplicationContext.java:122)
	at org.springframework.boot.SpringApplication.refresh(SpringApplication.java:693)
	at org.springframework.boot.SpringApplication.refreshContext(SpringApplication.java:360)
	at org.springframework.boot.SpringApplication.run(SpringApplication.java:303)
	at cloud.provider.SOFABootSpringApplication.main(SOFABootSpringApplication.java:16)
Caused by: java.net.BindException: Address already in use
	at sun.nio.ch.Net.bind0(Native Method)
	at sun.nio.ch.Net.bind(Net.java:433)
	at sun.nio.ch.Net.bind(Net.java:425)
	at sun.nio.ch.ServerSocketChannelImpl.bind(ServerSocketChannelImpl.java:223)
	at io.netty.channel.socket.nio.NioServerSocketChannel.doBind(NioServerSocketChannel.java:127)
	at io.netty.channel.AbstractChannel$AbstractUnsafe.bind(AbstractChannel.java:554)
	at io.netty.channel.DefaultChannelPipeline$HeadContext.bind(DefaultChannelPipeline.java:1258)
	at io.netty.channel.AbstractChannelHandlerContext.invokeBind(AbstractChannelHandlerContext.java:512)
	at io.netty.channel.AbstractChannelHandlerContext.bind(AbstractChannelHandlerContext.java:497)
	at io.netty.channel.DefaultChannelPipeline.bind(DefaultChannelPipeline.java:980)
	at io.netty.channel.AbstractChannel.bind(AbstractChannel.java:250)
	at io.netty.bootstrap.AbstractBootstrap$2.run(AbstractBootstrap.java:363)
	at io.netty.util.concurrent.AbstractEventExecutor.safeExecute(AbstractEventExecutor.java:163)
	at io.netty.util.concurrent.SingleThreadEventExecutor.runAllTasks(SingleThreadEventExecutor.java:418)
	at io.netty.channel.nio.NioEventLoop.run(NioEventLoop.java:454)
	at io.netty.util.concurrent.SingleThreadEventExecutor$5.run(SingleThreadEventExecutor.java:873)
	at java.lang.Thread.run(Thread.java:748)
