2019-03-26 11:24:40.620 [main] INFO  com.alipay.sofa.common.log - Sofa-Middleware-Log SLF4J : Actual logging.path is [ ./logs ]
2019-03-26 11:24:40.634 [main] INFO  com.alipay.sofa.common.log - Sofa-Middleware-Log SLF4J : Actual binding is of type [ com.alipay.sofa.infra Logback ]
2019-03-26 11:24:40.661 [main] INFO  c.a.boot.sofarpc.configuration.Slite2Configuration - Not find key com.antcloud.mw.access in Java -D argument, put value uPxHLxsMmstcQCNWEh into System
2019-03-26 11:24:40.662 [main] INFO  c.a.boot.sofarpc.configuration.Slite2Configuration - Not find key com.antcloud.antvip.endpoint in Java -D argument, put value 100.103.1.174 into System
2019-03-26 11:24:40.662 [main] INFO  c.a.boot.sofarpc.configuration.Slite2Configuration - Not find key com.antcloud.mw.secret in Java -D argument, put value TyMlUB9uGRMzcc2pG0dMv6xzUXCMA1WI into System
2019-03-26 11:24:40.663 [main] INFO  c.a.boot.sofarpc.configuration.Slite2Configuration - Not find key com.alipay.env in Java -D argument, put value shared into System
2019-03-26 11:24:40.663 [main] INFO  c.a.boot.sofarpc.configuration.Slite2Configuration - Not find key com.alipay.instanceid in Java -D argument, put value IPYJUBMB231N into System
2019-03-26 11:24:40.683 [main] INFO  com.alipay.sofa.common.log - Sofa-Middleware-Log SLF4J : Actual binding is of type [ com.alipay.sofa.rest Logback ]
2019-03-26 11:24:40.720 [main] INFO  com.alipay.sofa.common.log - Sofa-Middleware-Log SLF4J : Actual logging.path is [ ./logs ]
2019-03-26 11:24:40.721 [main] INFO  com.alipay.sofa.common.log - Sofa-Middleware-Log SLF4J : Actual binding is of type [ com.alipay.sofa.runtime Logback ]
2019-03-26 11:24:40.769 [main] INFO  com.alipay.sofa.common.log - Sofa-Middleware-Log SLF4J : Actual binding is of type [ com.alipay.sofa.rpc Logback ]
2019-03-26 11:24:40.826 [main] INFO  com.alipay.sofa.common.log - Sofa-Middleware-Log SLF4J : Actual logging.path is [ ./logs ]
2019-03-26 11:24:40.827 [main] INFO  com.alipay.sofa.common.log - Sofa-Middleware-Log SLF4J : Actual binding is of type [ com.alipay.sofa.healthcheck Logback ]
2019-03-26 11:24:40.851 [main] INFO  cloud.consumer.SOFABootWebSpringApplication - Starting SOFABootWebSpringApplication on ali-180366 with PID 55649 (/Users/yuanshaopeng/Project/sofa-practice-code/sofa-rpc/bank-sofa-rpc-consumer-parent/app/web/target/classes started by yuanshaopeng in /Users/yuanshaopeng/Project/sofa-practice-code/sofa-rpc/bank-sofa-rpc-consumer-parent)
2019-03-26 11:24:40.852 [main] INFO  cloud.consumer.SOFABootWebSpringApplication - No active profile set, falling back to default profiles: default
2019-03-26 11:24:40.911 [main] INFO  o.s.b.c.e.AnnotationConfigEmbeddedWebApplicationContext - Refreshing org.springframework.boot.context.embedded.AnnotationConfigEmbeddedWebApplicationContext@77c2494c: startup date [Tue Mar 26 11:24:40 CST 2019]; root of context hierarchy
2019-03-26 11:24:40.998 [background-preinit] INFO  org.hibernate.validator.internal.util.Version - HV000001: Hibernate Validator 5.3.6.Final
2019-03-26 11:24:41.403 [main] INFO  o.s.beans.factory.xml.XmlBeanDefinitionReader - Loading XML bean definitions from file [/Users/yuanshaopeng/Project/sofa-practice-code/sofa-rpc/bank-sofa-rpc-consumer-parent/app/web/target/classes/META-INF/xingye-sofa-rpc-consumer/xingye-sofa-rpc-consumer-web.xml]
2019-03-26 11:24:41.544 [main] INFO  o.s.beans.factory.xml.XmlBeanDefinitionReader - Loading XML bean definitions from file [/Users/yuanshaopeng/Project/sofa-practice-code/sofa-rpc/bank-sofa-rpc-consumer-parent/app/endpoint/target/classes/META-INF/xingye-sofa-rpc-consumer/xingye-sofa-rpc-consumer-endpoint.xml]
2019-03-26 11:24:42.601 [main] WARN  o.s.context.annotation.ConfigurationClassEnhancer - @Bean method SofaTracerDataSourceAutoConfiguration.DataSourceBeanFactoryPostProcessor is non-static and returns an object assignable to Spring's BeanFactoryPostProcessor interface. This will result in a failure to process annotations such as @Autowired, @Resource and @PostConstruct within the method's declaring @Configuration class. Add the 'static' modifier to this method to avoid these container lifecycle issues; see @Bean javadoc for complete details.
2019-03-26 11:24:42.738 [main] INFO  o.s.b.f.a.AutowiredAnnotationBeanPostProcessor - JSR-330 'javax.inject.Inject' annotation found and supported for autowiring
2019-03-26 11:24:42.765 [main] INFO  o.s.c.s.PostProcessorRegistrationDelegate$BeanPostProcessorChecker - Bean 'simple-sofa-rest-conf-for-spring' of type [com.alipay.sofa.rest.spring.config.SimpleSpringSofaRestConfig$$EnhancerBySpringCGLIB$$e663bfd7] is not eligible for getting processed by all BeanPostProcessors (for example: not eligible for auto-proxying)
2019-03-26 11:24:43.263 [main] INFO  o.s.b.c.e.tomcat.TomcatEmbeddedServletContainer - Tomcat initialized with port(s): 8090 (http)
2019-03-26 11:24:43.280 [main] INFO  org.apache.coyote.http11.Http11NioProtocol - Initializing ProtocolHandler ["http-nio-8090"]
2019-03-26 11:24:43.298 [main] INFO  org.apache.catalina.core.StandardService - Starting service [Tomcat]
2019-03-26 11:24:43.298 [main] INFO  org.apache.catalina.core.StandardEngine - Starting Servlet Engine: Apache Tomcat/8.5.34
2019-03-26 11:24:43.463 [localhost-startStop-1] INFO  o.a.c.core.ContainerBase.[Tomcat].[localhost].[/] - Initializing Spring embedded WebApplicationContext
2019-03-26 11:24:43.463 [localhost-startStop-1] INFO  org.springframework.web.context.ContextLoader - Root WebApplicationContext: initialization completed in 2552 ms
2019-03-26 11:24:43.724 [localhost-startStop-1] INFO  com.alipay.sofa.common.log - Sofa-Middleware-Log SLF4J : Logger Space:{com.alipay.lookout} init ok.
2019-03-26 11:24:43.724 [localhost-startStop-1] INFO  com.alipay.sofa.common.log - Sofa-Middleware-Log SLF4J : Actual binding is of type [ com.alipay.lookout Logback ]
2019-03-26 11:24:43.814 [localhost-startStop-1] INFO  c.a.l.s.autoConfiguration.LookoutAutoConfiguration - register extended metrics.
2019-03-26 11:24:43.861 [localhost-startStop-1] INFO  c.a.l.s.autoConfiguration.LookoutAutoConfiguration - Spring Boot Metrics binding to SOFALookout Implementation!
2019-03-26 11:24:43.952 [localhost-startStop-1] INFO  o.s.boot.web.servlet.FilterRegistrationBean - Mapping filter: 'metricsFilter' to: [/*]
2019-03-26 11:24:43.953 [localhost-startStop-1] INFO  o.s.boot.web.servlet.FilterRegistrationBean - Mapping filter: 'characterEncodingFilter' to: [/*]
2019-03-26 11:24:43.953 [localhost-startStop-1] INFO  o.s.boot.web.servlet.FilterRegistrationBean - Mapping filter: 'SpringMvcSofaTracerFilter' to urls: [/*]
2019-03-26 11:24:43.953 [localhost-startStop-1] INFO  o.s.boot.web.servlet.FilterRegistrationBean - Mapping filter: 'hiddenHttpMethodFilter' to: [/*]
2019-03-26 11:24:43.953 [localhost-startStop-1] INFO  o.s.boot.web.servlet.FilterRegistrationBean - Mapping filter: 'httpPutFormContentFilter' to: [/*]
2019-03-26 11:24:43.953 [localhost-startStop-1] INFO  o.s.boot.web.servlet.FilterRegistrationBean - Mapping filter: 'requestContextFilter' to: [/*]
2019-03-26 11:24:43.953 [localhost-startStop-1] INFO  o.s.boot.web.servlet.FilterRegistrationBean - Mapping filter: 'webRequestLoggingFilter' to: [/*]
2019-03-26 11:24:43.953 [localhost-startStop-1] INFO  o.s.boot.web.servlet.FilterRegistrationBean - Mapping filter: 'applicationContextIdFilter' to: [/*]
2019-03-26 11:24:43.954 [localhost-startStop-1] INFO  o.s.boot.web.servlet.ServletRegistrationBean - Mapping servlet: 'dispatcherServlet' to [/]
2019-03-26 11:24:44.272 [SOFA-CLI-CONN-cloud.provider.facade.CallerService-4-T1] INFO  com.alipay.sofa.common.log - Sofa-Middleware-Log SLF4J : Actual binding is of type [ com.alipay.remoting Logback ]
2019-03-26 11:24:44.528 [main] INFO  com.alipay.sofa.common.log - Sofa-Middleware-Log SLF4J : Actual binding is of type [ com.alipay.sofa.rpc.boot Logback ]
2019-03-26 11:24:44.589 [main] INFO  o.j.r.p.v.AbstractValidatorContextResolver - Unable to find CDI supporting ValidatorFactory. Using default ValidatorFactory
2019-03-26 11:24:44.925 [main] INFO  o.s.w.s.m.m.a.RequestMappingHandlerAdapter - Looking for @ControllerAdvice: org.springframework.boot.context.embedded.AnnotationConfigEmbeddedWebApplicationContext@77c2494c: startup date [Tue Mar 26 11:24:40 CST 2019]; root of context hierarchy
2019-03-26 11:24:45.001 [main] INFO  o.s.w.s.m.m.a.RequestMappingHandlerMapping - Mapped "{[/callrpc/create]}" onto public java.util.Map<java.lang.String, java.lang.Object> cloud.consumer.controller.RPCCallerController.create()
2019-03-26 11:24:45.003 [main] INFO  o.s.w.s.m.m.a.RequestMappingHandlerMapping - Mapped "{[/callrpc/division]}" onto public double cloud.consumer.controller.RPCCallerController.division(double,double)
2019-03-26 11:24:45.003 [main] INFO  o.s.w.s.m.m.a.RequestMappingHandlerMapping - Mapped "{[/callrpc/message]}" onto java.lang.String cloud.consumer.controller.RPCCallerController.futureMessage()
2019-03-26 11:24:45.004 [main] INFO  o.s.w.s.m.m.a.RequestMappingHandlerMapping - Mapped "{[/callrpc/datasource]}" onto public java.util.Map<java.lang.String, java.lang.Object> cloud.consumer.controller.RPCCallerController.datasource(java.lang.String)
2019-03-26 11:24:45.004 [main] INFO  o.s.w.s.m.m.a.RequestMappingHandlerMapping - Mapped "{[/callrpc/tracer_info]}" onto public java.util.Map<java.lang.String, java.lang.Object> cloud.consumer.controller.RPCCallerController.getCurrentTracerInfo()
2019-03-26 11:24:45.005 [main] INFO  o.s.w.s.m.m.a.RequestMappingHandlerMapping - Mapped "{[/error]}" onto public org.springframework.http.ResponseEntity<java.util.Map<java.lang.String, java.lang.Object>> org.springframework.boot.autoconfigure.web.BasicErrorController.error(javax.servlet.http.HttpServletRequest)
2019-03-26 11:24:45.006 [main] INFO  o.s.w.s.m.m.a.RequestMappingHandlerMapping - Mapped "{[/error],produces=[text/html]}" onto public org.springframework.web.servlet.ModelAndView org.springframework.boot.autoconfigure.web.BasicErrorController.errorHtml(javax.servlet.http.HttpServletRequest,javax.servlet.http.HttpServletResponse)
2019-03-26 11:24:45.042 [main] INFO  o.s.web.servlet.handler.SimpleUrlHandlerMapping - Mapped URL path [/webjars/**] onto handler of type [class org.springframework.web.servlet.resource.ResourceHttpRequestHandler]
2019-03-26 11:24:45.042 [main] INFO  o.s.web.servlet.handler.SimpleUrlHandlerMapping - Mapped URL path [/**] onto handler of type [class org.springframework.web.servlet.resource.ResourceHttpRequestHandler]
2019-03-26 11:24:45.092 [main] INFO  o.s.web.servlet.handler.SimpleUrlHandlerMapping - Mapped URL path [/**/favicon.ico] onto handler of type [class org.springframework.web.servlet.resource.ResourceHttpRequestHandler]
2019-03-26 11:24:45.122 [main] INFO  o.s.b.a.w.WebMvcAutoConfiguration$WelcomePageHandlerMapping - Adding welcome page: class path resource [static/index.html]
2019-03-26 11:24:45.671 [main] INFO  o.s.b.actuate.endpoint.mvc.EndpointHandlerMapping - Mapped "{[/health || /health.json],methods=[GET],produces=[application/vnd.spring-boot.actuator.v1+json || application/json]}" onto public java.lang.Object org.springframework.boot.actuate.endpoint.mvc.HealthMvcEndpoint.invoke(javax.servlet.http.HttpServletRequest,java.security.Principal)
2019-03-26 11:24:45.673 [main] INFO  o.s.b.actuate.endpoint.mvc.EndpointHandlerMapping - Mapped "{[/configprops || /configprops.json],methods=[GET],produces=[application/vnd.spring-boot.actuator.v1+json || application/json]}" onto public java.lang.Object org.springframework.boot.actuate.endpoint.mvc.EndpointMvcAdapter.invoke()
2019-03-26 11:24:45.674 [main] INFO  o.s.b.actuate.endpoint.mvc.EndpointHandlerMapping - Mapped "{[/metrics/{name:.*}],methods=[GET],produces=[application/vnd.spring-boot.actuator.v1+json || application/json]}" onto public java.lang.Object org.springframework.boot.actuate.endpoint.mvc.MetricsMvcEndpoint.value(java.lang.String)
2019-03-26 11:24:45.675 [main] INFO  o.s.b.actuate.endpoint.mvc.EndpointHandlerMapping - Mapped "{[/metrics || /metrics.json],methods=[GET],produces=[application/vnd.spring-boot.actuator.v1+json || application/json]}" onto public java.lang.Object org.springframework.boot.actuate.endpoint.mvc.EndpointMvcAdapter.invoke()
2019-03-26 11:24:45.676 [main] INFO  o.s.b.actuate.endpoint.mvc.EndpointHandlerMapping - Mapped "{[/logfile || /logfile.json],methods=[GET || HEAD]}" onto public void org.springframework.boot.actuate.endpoint.mvc.LogFileMvcEndpoint.invoke(javax.servlet.http.HttpServletRequest,javax.servlet.http.HttpServletResponse) throws javax.servlet.ServletException,java.io.IOException
2019-03-26 11:24:45.677 [main] INFO  o.s.b.actuate.endpoint.mvc.EndpointHandlerMapping - Mapped "{[/auditevents || /auditevents.json],methods=[GET],produces=[application/vnd.spring-boot.actuator.v1+json || application/json]}" onto public org.springframework.http.ResponseEntity<?> org.springframework.boot.actuate.endpoint.mvc.AuditEventsMvcEndpoint.findByPrincipalAndAfterAndType(java.lang.String,java.util.Date,java.lang.String)
2019-03-26 11:24:45.679 [main] INFO  o.s.b.actuate.endpoint.mvc.EndpointHandlerMapping - Mapped "{[/info || /info.json],methods=[GET],produces=[application/vnd.spring-boot.actuator.v1+json || application/json]}" onto public java.lang.Object org.springframework.boot.actuate.endpoint.mvc.EndpointMvcAdapter.invoke()
2019-03-26 11:24:45.680 [main] INFO  o.s.b.actuate.endpoint.mvc.EndpointHandlerMapping - Mapped "{[/sofaboot/versions || /sofaboot/versions.json],produces=[application/json]}" onto public java.lang.Object com.alipay.sofa.infra.endpoint.SofaBootVersionEndpointMvcAdapter.invoke()
2019-03-26 11:24:45.681 [main] INFO  o.s.b.actuate.endpoint.mvc.EndpointHandlerMapping - Mapped "{[/trace || /trace.json],methods=[GET],produces=[application/vnd.spring-boot.actuator.v1+json || application/json]}" onto public java.lang.Object org.springframework.boot.actuate.endpoint.mvc.EndpointMvcAdapter.invoke()
2019-03-26 11:24:45.682 [main] INFO  o.s.b.actuate.endpoint.mvc.EndpointHandlerMapping - Mapped "{[/dump || /dump.json],methods=[GET],produces=[application/vnd.spring-boot.actuator.v1+json || application/json]}" onto public java.lang.Object org.springframework.boot.actuate.endpoint.mvc.EndpointMvcAdapter.invoke()
2019-03-26 11:24:45.684 [main] INFO  o.s.b.actuate.endpoint.mvc.EndpointHandlerMapping - Mapped "{[/autoconfig || /autoconfig.json],methods=[GET],produces=[application/vnd.spring-boot.actuator.v1+json || application/json]}" onto public java.lang.Object org.springframework.boot.actuate.endpoint.mvc.EndpointMvcAdapter.invoke()
2019-03-26 11:24:45.685 [main] INFO  o.s.b.actuate.endpoint.mvc.EndpointHandlerMapping - Mapped "{[/env/{name:.*}],methods=[GET],produces=[application/vnd.spring-boot.actuator.v1+json || application/json]}" onto public java.lang.Object org.springframework.boot.actuate.endpoint.mvc.EnvironmentMvcEndpoint.value(java.lang.String)
2019-03-26 11:24:45.686 [main] INFO  o.s.b.actuate.endpoint.mvc.EndpointHandlerMapping - Mapped "{[/env || /env.json],methods=[GET],produces=[application/vnd.spring-boot.actuator.v1+json || application/json]}" onto public java.lang.Object org.springframework.boot.actuate.endpoint.mvc.EndpointMvcAdapter.invoke()
2019-03-26 11:24:45.687 [main] INFO  o.s.b.actuate.endpoint.mvc.EndpointHandlerMapping - Mapped "{[/mappings || /mappings.json],methods=[GET],produces=[application/vnd.spring-boot.actuator.v1+json || application/json]}" onto public java.lang.Object org.springframework.boot.actuate.endpoint.mvc.EndpointMvcAdapter.invoke()
2019-03-26 11:24:45.688 [main] INFO  o.s.b.actuate.endpoint.mvc.EndpointHandlerMapping - Mapped "{[/heapdump || /heapdump.json],methods=[GET],produces=[application/octet-stream]}" onto public void org.springframework.boot.actuate.endpoint.mvc.HeapdumpMvcEndpoint.invoke(boolean,javax.servlet.http.HttpServletRequest,javax.servlet.http.HttpServletResponse) throws java.io.IOException,javax.servlet.ServletException
2019-03-26 11:24:45.689 [main] INFO  o.s.b.actuate.endpoint.mvc.EndpointHandlerMapping - Mapped "{[/beans || /beans.json],methods=[GET],produces=[application/vnd.spring-boot.actuator.v1+json || application/json]}" onto public java.lang.Object org.springframework.boot.actuate.endpoint.mvc.EndpointMvcAdapter.invoke()
2019-03-26 11:24:45.689 [main] INFO  o.s.b.actuate.endpoint.mvc.EndpointHandlerMapping - Mapped "{[/health/readiness || /health/readiness.json],produces=[application/json]}" onto public java.lang.Object com.alipay.sofa.healthcheck.service.SofaBootReadinessCheckMvcEndpoint.invoke(java.security.Principal)
2019-03-26 11:24:45.691 [main] INFO  o.s.b.actuate.endpoint.mvc.EndpointHandlerMapping - Mapped "{[/loggers/{name:.*}],methods=[GET],produces=[application/vnd.spring-boot.actuator.v1+json || application/json]}" onto public java.lang.Object org.springframework.boot.actuate.endpoint.mvc.LoggersMvcEndpoint.get(java.lang.String)
2019-03-26 11:24:45.691 [main] INFO  o.s.b.actuate.endpoint.mvc.EndpointHandlerMapping - Mapped "{[/loggers/{name:.*}],methods=[POST],consumes=[application/vnd.spring-boot.actuator.v1+json || application/json],produces=[application/vnd.spring-boot.actuator.v1+json || application/json]}" onto public java.lang.Object org.springframework.boot.actuate.endpoint.mvc.LoggersMvcEndpoint.set(java.lang.String,java.util.Map<java.lang.String, java.lang.String>)
2019-03-26 11:24:45.691 [main] INFO  o.s.b.actuate.endpoint.mvc.EndpointHandlerMapping - Mapped "{[/loggers || /loggers.json],methods=[GET],produces=[application/vnd.spring-boot.actuator.v1+json || application/json]}" onto public java.lang.Object org.springframework.boot.actuate.endpoint.mvc.EndpointMvcAdapter.invoke()
2019-03-26 11:24:45.826 [main] INFO  o.s.jmx.export.annotation.AnnotationMBeanExporter - Registering beans for JMX exposure on startup
2019-03-26 11:24:45.834 [main] INFO  o.s.b.actuate.endpoint.jmx.EndpointMBeanExporter - Registering beans for JMX exposure on startup
2019-03-26 11:24:45.839 [main] INFO  o.s.context.support.DefaultLifecycleProcessor - Starting beans in phase 0
2019-03-26 11:24:45.841 [main] INFO  o.s.b.actuate.endpoint.jmx.EndpointMBeanExporter - Located managed bean 'auditEventsEndpoint': registering with JMX server as MBean [org.springframework.boot:type=Endpoint,name=auditEventsEndpoint]
2019-03-26 11:24:45.856 [main] INFO  o.s.b.actuate.endpoint.jmx.EndpointMBeanExporter - Located managed bean 'readinessCheck': registering with JMX server as MBean [org.springframework.boot:type=Endpoint,name=readinessCheck]
2019-03-26 11:24:45.865 [main] INFO  o.s.b.actuate.endpoint.jmx.EndpointMBeanExporter - Located managed bean 'sofaBootVersionEndpoint': registering with JMX server as MBean [org.springframework.boot:type=Endpoint,name=sofaBootVersionEndpoint]
2019-03-26 11:24:45.870 [main] INFO  o.s.b.actuate.endpoint.jmx.EndpointMBeanExporter - Located managed bean 'requestMappingEndpoint': registering with JMX server as MBean [org.springframework.boot:type=Endpoint,name=requestMappingEndpoint]
2019-03-26 11:24:45.873 [main] INFO  o.s.b.actuate.endpoint.jmx.EndpointMBeanExporter - Located managed bean 'environmentEndpoint': registering with JMX server as MBean [org.springframework.boot:type=Endpoint,name=environmentEndpoint]
2019-03-26 11:24:45.876 [main] INFO  o.s.b.actuate.endpoint.jmx.EndpointMBeanExporter - Located managed bean 'healthEndpoint': registering with JMX server as MBean [org.springframework.boot:type=Endpoint,name=healthEndpoint]
2019-03-26 11:24:45.879 [main] INFO  o.s.b.actuate.endpoint.jmx.EndpointMBeanExporter - Located managed bean 'beansEndpoint': registering with JMX server as MBean [org.springframework.boot:type=Endpoint,name=beansEndpoint]
2019-03-26 11:24:45.883 [main] INFO  o.s.b.actuate.endpoint.jmx.EndpointMBeanExporter - Located managed bean 'infoEndpoint': registering with JMX server as MBean [org.springframework.boot:type=Endpoint,name=infoEndpoint]
2019-03-26 11:24:45.886 [main] INFO  o.s.b.actuate.endpoint.jmx.EndpointMBeanExporter - Located managed bean 'loggersEndpoint': registering with JMX server as MBean [org.springframework.boot:type=Endpoint,name=loggersEndpoint]
2019-03-26 11:24:45.892 [main] INFO  o.s.b.actuate.endpoint.jmx.EndpointMBeanExporter - Located managed bean 'metricsEndpoint': registering with JMX server as MBean [org.springframework.boot:type=Endpoint,name=metricsEndpoint]
2019-03-26 11:24:45.894 [main] INFO  o.s.b.actuate.endpoint.jmx.EndpointMBeanExporter - Located managed bean 'traceEndpoint': registering with JMX server as MBean [org.springframework.boot:type=Endpoint,name=traceEndpoint]
2019-03-26 11:24:45.897 [main] INFO  o.s.b.actuate.endpoint.jmx.EndpointMBeanExporter - Located managed bean 'dumpEndpoint': registering with JMX server as MBean [org.springframework.boot:type=Endpoint,name=dumpEndpoint]
2019-03-26 11:24:45.899 [main] INFO  o.s.b.actuate.endpoint.jmx.EndpointMBeanExporter - Located managed bean 'autoConfigurationReportEndpoint': registering with JMX server as MBean [org.springframework.boot:type=Endpoint,name=autoConfigurationReportEndpoint]
2019-03-26 11:24:45.902 [main] INFO  o.s.b.actuate.endpoint.jmx.EndpointMBeanExporter - Located managed bean 'configurationPropertiesReportEndpoint': registering with JMX server as MBean [org.springframework.boot:type=Endpoint,name=configurationPropertiesReportEndpoint]
2019-03-26 11:24:46.018 [main] WARN  com.alipay.sofa.cluster.core.ClusterEngine - No ClusterProvider found!
2019-03-26 11:24:46.019 [main] WARN  com.alipay.sofa.cluster.core.ClusterEngine - No sofa rest cluster registryService provider!
2019-03-26 11:24:46.264 [main] WARN  com.alipay.sofa.cluster.core.ClusterEngine - No sofa rest cluster registryService provider!
2019-03-26 11:24:46.264 [main] WARN  com.alipay.sofa.cluster.core.ClusterEngine - No sofa rest cluster registryService provider!
2019-03-26 11:24:46.280 [main] INFO  org.apache.coyote.http11.Http11NioProtocol - Starting ProtocolHandler ["http-nio-8090"]
2019-03-26 11:24:46.281 [main] INFO  org.apache.tomcat.util.net.NioSelectorPool - Using a shared selector for servlet write/read
2019-03-26 11:24:46.298 [main] INFO  o.s.b.c.e.tomcat.TomcatEmbeddedServletContainer - Tomcat started on port(s): 8090 (http)
2019-03-26 11:24:46.307 [main] INFO  cloud.consumer.SOFABootWebSpringApplication - Started SOFABootWebSpringApplication in 6.255 seconds (JVM running for 6.793)
2019-03-26 11:24:46.307 [main] INFO  cloud.consumer.SOFABootWebSpringApplication - application start
2019-03-26 11:24:46.308 [main] INFO  cloud.consumer.SOFABootWebSpringApplication - the resp id is 1
2019-03-26 11:25:19.077 [http-nio-8090-exec-1] INFO  o.a.c.core.ContainerBase.[Tomcat].[localhost].[/] - Initializing Spring FrameworkServlet 'dispatcherServlet'
2019-03-26 11:25:19.077 [http-nio-8090-exec-1] INFO  org.springframework.web.servlet.DispatcherServlet - FrameworkServlet 'dispatcherServlet': initialization started
2019-03-26 11:25:19.099 [http-nio-8090-exec-1] INFO  org.springframework.web.servlet.DispatcherServlet - FrameworkServlet 'dispatcherServlet': initialization completed in 22 ms
2019-03-26 13:06:04.477 [Thread-7] INFO  o.s.b.c.e.AnnotationConfigEmbeddedWebApplicationContext - Closing org.springframework.boot.context.embedded.AnnotationConfigEmbeddedWebApplicationContext@77c2494c: startup date [Tue Mar 26 11:24:40 CST 2019]; root of context hierarchy
2019-03-26 13:06:04.483 [Thread-7] INFO  o.s.context.support.DefaultLifecycleProcessor - Stopping beans in phase 0
2019-03-26 13:06:04.484 [Thread-7] INFO  o.s.b.actuate.endpoint.jmx.EndpointMBeanExporter - Unregistering JMX-exposed beans on shutdown
2019-03-26 13:06:04.484 [Thread-7] INFO  o.s.b.actuate.endpoint.jmx.EndpointMBeanExporter - Unregistering JMX-exposed beans
2019-03-26 13:06:04.485 [Thread-7] INFO  o.s.jmx.export.annotation.AnnotationMBeanExporter - Unregistering JMX-exposed beans on shutdown
