2019-04-15 15:44:18.101[WARN]  datasource-client-stat.log configured stat_log_interval=60 second and default cycle=60
2019-04-15 15:44:28.554[WARN]  rpc-client-stat.log configured stat_log_interval=60 second and default cycle=60
2019-04-15 15:44:28.555[WARN]  rpc-server-stat.log configured stat_log_interval=60 second and default cycle=60
2019-04-15 15:44:28.555[WARN]  rpc-client-stat.log configured stat_log_interval=60 second and default cycle=60
2019-04-15 15:44:28.555[WARN]  rpc-server-stat.log configured stat_log_interval=60 second and default cycle=60
2019-04-15 15:44:51.320[ERROR] SpanContext created error when server received and root SpanContext created.
2019-04-15 15:44:51.336[WARN]  rest-client-stat.log configured stat_log_interval=60 second and default cycle=60
2019-04-15 15:44:51.337[WARN]  rest-server-stat.log configured stat_log_interval=60 second and default cycle=60
2019-04-15 15:44:51.338[ERROR] []Middleware server received and restart root span
java.lang.ClassCastException: com.alipay.common.tracer.core.span.SofaTracerSpan cannot be cast to com.alipay.common.tracer.context.AbstractLogContext
	at com.alipay.common.tracer.compatible.AbstractAlipayTracer.serverReceive(AbstractAlipayTracer.java:168)
	at com.alipay.common.tracer.tracer.SofaRestTracer.requestReceive(SofaRestTracer.java:151)
	at com.alipay.sofa.rest.common.tracer.server.TraceRequestFilter.filter(TraceRequestFilter.java:41)
	at org.jboss.resteasy.core.ResourceMethodInvoker.invokeOnTarget(ResourceMethodInvoker.java:264)
	at org.jboss.resteasy.core.ResourceMethodInvoker.invoke(ResourceMethodInvoker.java:250)
	at org.jboss.resteasy.core.ResourceMethodInvoker.invoke(ResourceMethodInvoker.java:237)
	at org.jboss.resteasy.core.SynchronousDispatcher.invoke(SynchronousDispatcher.java:377)
	at com.alipay.sofa.rpc.server.rest.SofaSynchronousDispatcher.invoke(SofaSynchronousDispatcher.java:49)
	at org.jboss.resteasy.core.SynchronousDispatcher.invoke(SynchronousDispatcher.java:200)
	at org.jboss.resteasy.plugins.server.netty.RequestDispatcher.service(RequestDispatcher.java:83)
	at com.alipay.sofa.rpc.server.rest.SofaRestRequestHandler.channelRead0(SofaRestRequestHandler.java:100)
	at io.netty.channel.SimpleChannelInboundHandler.channelRead(SimpleChannelInboundHandler.java:105)
	at io.netty.channel.AbstractChannelHandlerContext.invokeChannelRead(AbstractChannelHandlerContext.java:373)
	at io.netty.channel.AbstractChannelHandlerContext.access$600(AbstractChannelHandlerContext.java:39)
	at io.netty.channel.AbstractChannelHandlerContext$7.run(AbstractChannelHandlerContext.java:364)
	at io.netty.util.concurrent.AbstractEventExecutor.safeExecute(AbstractEventExecutor.java:163)
	at io.netty.util.concurrent.SingleThreadEventExecutor.runAllTasks(SingleThreadEventExecutor.java:418)
	at io.netty.channel.nio.NioEventLoop.run(NioEventLoop.java:454)
	at io.netty.util.concurrent.SingleThreadEventExecutor$5.run(SingleThreadEventExecutor.java:873)
	at java.lang.Thread.run(Thread.java:748)

2019-04-15 15:44:58.201[ERROR] SpanContext created error when server received and root SpanContext created.
2019-04-15 15:44:58.203[ERROR] []Middleware server received and restart root span
java.lang.ClassCastException: com.alipay.common.tracer.core.span.SofaTracerSpan cannot be cast to com.alipay.common.tracer.context.AbstractLogContext
	at com.alipay.common.tracer.compatible.AbstractAlipayTracer.serverReceive(AbstractAlipayTracer.java:168)
	at com.alipay.common.tracer.tracer.SofaRestTracer.requestReceive(SofaRestTracer.java:151)
	at com.alipay.sofa.rest.common.tracer.server.TraceRequestFilter.filter(TraceRequestFilter.java:41)
	at org.jboss.resteasy.core.ResourceMethodInvoker.invokeOnTarget(ResourceMethodInvoker.java:264)
	at org.jboss.resteasy.core.ResourceMethodInvoker.invoke(ResourceMethodInvoker.java:250)
	at org.jboss.resteasy.core.ResourceMethodInvoker.invoke(ResourceMethodInvoker.java:237)
	at org.jboss.resteasy.core.SynchronousDispatcher.invoke(SynchronousDispatcher.java:377)
	at com.alipay.sofa.rpc.server.rest.SofaSynchronousDispatcher.invoke(SofaSynchronousDispatcher.java:49)
	at org.jboss.resteasy.core.SynchronousDispatcher.invoke(SynchronousDispatcher.java:200)
	at org.jboss.resteasy.plugins.server.netty.RequestDispatcher.service(RequestDispatcher.java:83)
	at com.alipay.sofa.rpc.server.rest.SofaRestRequestHandler.channelRead0(SofaRestRequestHandler.java:100)
	at io.netty.channel.SimpleChannelInboundHandler.channelRead(SimpleChannelInboundHandler.java:105)
	at io.netty.channel.AbstractChannelHandlerContext.invokeChannelRead(AbstractChannelHandlerContext.java:373)
	at io.netty.channel.AbstractChannelHandlerContext.access$600(AbstractChannelHandlerContext.java:39)
	at io.netty.channel.AbstractChannelHandlerContext$7.run(AbstractChannelHandlerContext.java:364)
	at io.netty.util.concurrent.AbstractEventExecutor.safeExecute(AbstractEventExecutor.java:163)
	at io.netty.util.concurrent.SingleThreadEventExecutor.runAllTasks(SingleThreadEventExecutor.java:418)
	at io.netty.channel.nio.NioEventLoop.run(NioEventLoop.java:454)
	at io.netty.util.concurrent.SingleThreadEventExecutor$5.run(SingleThreadEventExecutor.java:873)
	at java.lang.Thread.run(Thread.java:748)

2019-04-15 15:45:22.186[ERROR] SpanContext created error when server received and root SpanContext created.
2019-04-15 16:38:31.616[WARN]  rpc-client-stat.log configured stat_log_interval=60 second and default cycle=60
2019-04-15 16:38:31.624[WARN]  rpc-server-stat.log configured stat_log_interval=60 second and default cycle=60
2019-04-15 16:38:31.626[WARN]  rpc-client-stat.log configured stat_log_interval=60 second and default cycle=60
2019-04-15 16:38:31.626[WARN]  rpc-server-stat.log configured stat_log_interval=60 second and default cycle=60
2019-04-15 16:45:17.612[WARN]  sql-stat.log configured stat_log_interval=60 second and default cycle=60
2019-04-15 16:45:17.946[WARN]  rpc-client-stat.log configured stat_log_interval=60 second and default cycle=60
2019-04-15 16:45:17.947[WARN]  rpc-server-stat.log configured stat_log_interval=60 second and default cycle=60
2019-04-15 16:45:17.947[WARN]  rpc-client-stat.log configured stat_log_interval=60 second and default cycle=60
2019-04-15 16:45:17.947[WARN]  rpc-server-stat.log configured stat_log_interval=60 second and default cycle=60
2019-04-15 16:45:46.143[ERROR] SpanContext created error when server received and root SpanContext created.
2019-04-15 16:45:46.159[WARN]  rest-client-stat.log configured stat_log_interval=60 second and default cycle=60
2019-04-15 16:45:46.160[WARN]  rest-server-stat.log configured stat_log_interval=60 second and default cycle=60
2019-04-15 16:45:46.161[ERROR] []Middleware server received and restart root span
java.lang.ClassCastException: com.alipay.common.tracer.core.span.SofaTracerSpan cannot be cast to com.alipay.common.tracer.context.AbstractLogContext
	at com.alipay.common.tracer.compatible.AbstractAlipayTracer.serverReceive(AbstractAlipayTracer.java:168)
	at com.alipay.common.tracer.tracer.SofaRestTracer.requestReceive(SofaRestTracer.java:151)
	at com.alipay.sofa.rest.common.tracer.server.TraceRequestFilter.filter(TraceRequestFilter.java:41)
	at org.jboss.resteasy.core.ResourceMethodInvoker.invokeOnTarget(ResourceMethodInvoker.java:264)
	at org.jboss.resteasy.core.ResourceMethodInvoker.invoke(ResourceMethodInvoker.java:250)
	at org.jboss.resteasy.core.ResourceMethodInvoker.invoke(ResourceMethodInvoker.java:237)
	at org.jboss.resteasy.core.SynchronousDispatcher.invoke(SynchronousDispatcher.java:377)
	at com.alipay.sofa.rpc.server.rest.SofaSynchronousDispatcher.invoke(SofaSynchronousDispatcher.java:49)
	at org.jboss.resteasy.core.SynchronousDispatcher.invoke(SynchronousDispatcher.java:200)
	at org.jboss.resteasy.plugins.server.netty.RequestDispatcher.service(RequestDispatcher.java:83)
	at com.alipay.sofa.rpc.server.rest.SofaRestRequestHandler.channelRead0(SofaRestRequestHandler.java:100)
	at io.netty.channel.SimpleChannelInboundHandler.channelRead(SimpleChannelInboundHandler.java:105)
	at io.netty.channel.AbstractChannelHandlerContext.invokeChannelRead(AbstractChannelHandlerContext.java:373)
	at io.netty.channel.AbstractChannelHandlerContext.access$600(AbstractChannelHandlerContext.java:39)
	at io.netty.channel.AbstractChannelHandlerContext$7.run(AbstractChannelHandlerContext.java:364)
	at io.netty.util.concurrent.AbstractEventExecutor.safeExecute(AbstractEventExecutor.java:163)
	at io.netty.util.concurrent.SingleThreadEventExecutor.runAllTasks(SingleThreadEventExecutor.java:418)
	at io.netty.channel.nio.NioEventLoop.run(NioEventLoop.java:454)
	at io.netty.util.concurrent.SingleThreadEventExecutor$5.run(SingleThreadEventExecutor.java:873)
	at java.lang.Thread.run(Thread.java:748)

2019-04-15 16:45:47.660[ERROR] SpanContext created error when server received and root SpanContext created.
2019-04-15 16:45:47.766[ERROR] SpanContext created error when server received and root SpanContext created.
2019-04-15 16:59:31.791[WARN]  sql-stat.log configured stat_log_interval=60 second and default cycle=60
2019-04-15 17:01:06.794[WARN]  sql-stat.log configured stat_log_interval=60 second and default cycle=60
2019-04-15 17:01:07.480[WARN]  rpc-client-stat.log configured stat_log_interval=60 second and default cycle=60
2019-04-15 17:01:07.482[WARN]  rpc-server-stat.log configured stat_log_interval=60 second and default cycle=60
2019-04-15 17:01:07.482[WARN]  rpc-client-stat.log configured stat_log_interval=60 second and default cycle=60
2019-04-15 17:01:07.482[WARN]  rpc-server-stat.log configured stat_log_interval=60 second and default cycle=60
2019-04-15 17:01:19.327[ERROR] SpanContext created error when server received and root SpanContext created.
2019-04-15 17:01:19.343[WARN]  rest-client-stat.log configured stat_log_interval=60 second and default cycle=60
2019-04-15 17:01:19.345[WARN]  rest-server-stat.log configured stat_log_interval=60 second and default cycle=60
2019-04-15 17:01:19.345[ERROR] []Middleware server received and restart root span
java.lang.ClassCastException: com.alipay.common.tracer.core.span.SofaTracerSpan cannot be cast to com.alipay.common.tracer.context.AbstractLogContext
	at com.alipay.common.tracer.compatible.AbstractAlipayTracer.serverReceive(AbstractAlipayTracer.java:168)
	at com.alipay.common.tracer.tracer.SofaRestTracer.requestReceive(SofaRestTracer.java:151)
	at com.alipay.sofa.rest.common.tracer.server.TraceRequestFilter.filter(TraceRequestFilter.java:41)
	at org.jboss.resteasy.core.ResourceMethodInvoker.invokeOnTarget(ResourceMethodInvoker.java:264)
	at org.jboss.resteasy.core.ResourceMethodInvoker.invoke(ResourceMethodInvoker.java:250)
	at org.jboss.resteasy.core.ResourceMethodInvoker.invoke(ResourceMethodInvoker.java:237)
	at org.jboss.resteasy.core.SynchronousDispatcher.invoke(SynchronousDispatcher.java:377)
	at com.alipay.sofa.rpc.server.rest.SofaSynchronousDispatcher.invoke(SofaSynchronousDispatcher.java:49)
	at org.jboss.resteasy.core.SynchronousDispatcher.invoke(SynchronousDispatcher.java:200)
	at org.jboss.resteasy.plugins.server.netty.RequestDispatcher.service(RequestDispatcher.java:83)
	at com.alipay.sofa.rpc.server.rest.SofaRestRequestHandler.channelRead0(SofaRestRequestHandler.java:100)
	at io.netty.channel.SimpleChannelInboundHandler.channelRead(SimpleChannelInboundHandler.java:105)
	at io.netty.channel.AbstractChannelHandlerContext.invokeChannelRead(AbstractChannelHandlerContext.java:373)
	at io.netty.channel.AbstractChannelHandlerContext.access$600(AbstractChannelHandlerContext.java:39)
	at io.netty.channel.AbstractChannelHandlerContext$7.run(AbstractChannelHandlerContext.java:364)
	at io.netty.util.concurrent.AbstractEventExecutor.safeExecute(AbstractEventExecutor.java:163)
	at io.netty.util.concurrent.SingleThreadEventExecutor.runAllTasks(SingleThreadEventExecutor.java:418)
	at io.netty.channel.nio.NioEventLoop.run(NioEventLoop.java:454)
	at io.netty.util.concurrent.SingleThreadEventExecutor$5.run(SingleThreadEventExecutor.java:873)
	at java.lang.Thread.run(Thread.java:748)

