2019-04-15 15:44:09,598 INFO  main                             - SOFABoot HealthCheck Starting!
2019-04-15 15:44:35,221 INFO  main                             - Found 1 HealthChecker implementation:sofaComponentHealthChecker
2019-04-15 15:44:35,222 INFO  main                             - Found 2 HealthIndicator implementation:sofaBootHealthIndicator,diskSpaceHealthIndicator
2019-04-15 15:44:35,224 INFO  main                             - Found 1 SofaBootMiddlewareAfterReadinessCheckCallback implementation:rpcAfterHealthCheckCallback
2019-04-15 15:44:35,224 INFO  main                             - Found 0 SofaBootAfterReadinessCheckCallback implementation
2019-04-15 15:44:35,224 INFO  main                             - Start to publish SofaBootBeforeReadinessCheckEvent.
2019-04-15 15:44:35,225 INFO  main                             - Begin SOFABoot HealthChecker readiness check.
2019-04-15 15:44:35,226 INFO  main                             - HealthChecker[sofaComponentHealthChecker] readiness check success with 0 retry.
2019-04-15 15:44:35,226 INFO  main                             - SOFABoot HealthChecker readiness check result: success.
2019-04-15 15:44:35,226 INFO  main                             - Begin SOFABoot HealthIndicator readiness check.
2019-04-15 15:44:35,227 INFO  main                             - HealthIndicator[diskSpaceHealthIndicator] readiness check success.
2019-04-15 15:44:35,227 INFO  main                             - SOFABoot HealthIndicator readiness check result: success.
2019-04-15 15:44:35,227 INFO  main                             - Begin SOFABoot ReadinessCheckCallback check.
2019-04-15 15:44:35,227 INFO  main                             - Begin SofaBootMiddlewareAfterReadinessCheckCallback check
2019-04-15 15:44:35,373 INFO  main                             - SOFABoot ReadinessCheckCallback[rpcAfterHealthCheckCallback] check success.
2019-04-15 15:44:35,373 INFO  main                             - SofaBootMiddlewareAfterReadinessCheckCallback check result: success.
2019-04-15 15:44:35,373 INFO  main                             - Begin SofaBootAfterReadinessCheckCallback readiness check
2019-04-15 15:44:35,373 INFO  main                             - SofaBootAfterReadinessCheckCallback readiness check result: success.
2019-04-15 15:44:35,373 INFO  main                             - SOFABoot ReadinessCheckCallback check: success.
2019-04-15 15:44:35,373 INFO  main                             - Readiness check result: success
2019-04-15 16:38:28,044 INFO  main                             - SOFABoot HealthCheck Starting!
2019-04-15 16:38:33,200 INFO  main                             - Found 1 HealthChecker implementation:sofaComponentHealthChecker
2019-04-15 16:38:33,202 INFO  main                             - Found 2 HealthIndicator implementation:sofaBootHealthIndicator,diskSpaceHealthIndicator
2019-04-15 16:38:33,203 INFO  main                             - Found 1 SofaBootMiddlewareAfterReadinessCheckCallback implementation:rpcAfterHealthCheckCallback
2019-04-15 16:38:33,203 INFO  main                             - Found 0 SofaBootAfterReadinessCheckCallback implementation
2019-04-15 16:38:33,203 INFO  main                             - Start to publish SofaBootBeforeReadinessCheckEvent.
2019-04-15 16:38:33,204 INFO  main                             - Begin SOFABoot HealthChecker readiness check.
2019-04-15 16:38:33,205 INFO  main                             - HealthChecker[sofaComponentHealthChecker] readiness check success with 0 retry.
2019-04-15 16:38:33,205 INFO  main                             - SOFABoot HealthChecker readiness check result: success.
2019-04-15 16:38:33,205 INFO  main                             - Begin SOFABoot HealthIndicator readiness check.
2019-04-15 16:38:33,205 INFO  main                             - HealthIndicator[diskSpaceHealthIndicator] readiness check success.
2019-04-15 16:38:33,205 INFO  main                             - SOFABoot HealthIndicator readiness check result: success.
2019-04-15 16:38:33,205 INFO  main                             - Begin SOFABoot ReadinessCheckCallback check.
2019-04-15 16:38:33,205 INFO  main                             - Begin SofaBootMiddlewareAfterReadinessCheckCallback check
2019-04-15 16:38:33,311 INFO  main                             - SOFABoot ReadinessCheckCallback[rpcAfterHealthCheckCallback] check success.
2019-04-15 16:38:33,311 INFO  main                             - SofaBootMiddlewareAfterReadinessCheckCallback check result: success.
2019-04-15 16:38:33,311 INFO  main                             - Begin SofaBootAfterReadinessCheckCallback readiness check
2019-04-15 16:38:33,311 INFO  main                             - SofaBootAfterReadinessCheckCallback readiness check result: success.
2019-04-15 16:38:33,311 INFO  main                             - SOFABoot ReadinessCheckCallback check: success.
2019-04-15 16:38:33,311 INFO  main                             - Readiness check result: success
2019-04-15 16:45:14,475 INFO  main                             - SOFABoot HealthCheck Starting!
2019-04-15 16:45:19,410 INFO  main                             - Found 1 HealthChecker implementation:sofaComponentHealthChecker
2019-04-15 16:45:19,411 INFO  main                             - Found 2 HealthIndicator implementation:sofaBootHealthIndicator,diskSpaceHealthIndicator
2019-04-15 16:45:19,413 INFO  main                             - Found 1 SofaBootMiddlewareAfterReadinessCheckCallback implementation:rpcAfterHealthCheckCallback
2019-04-15 16:45:19,413 INFO  main                             - Found 0 SofaBootAfterReadinessCheckCallback implementation
2019-04-15 16:45:19,413 INFO  main                             - Start to publish SofaBootBeforeReadinessCheckEvent.
2019-04-15 16:45:19,414 INFO  main                             - Begin SOFABoot HealthChecker readiness check.
2019-04-15 16:45:19,415 INFO  main                             - HealthChecker[sofaComponentHealthChecker] readiness check success with 0 retry.
2019-04-15 16:45:19,415 INFO  main                             - SOFABoot HealthChecker readiness check result: success.
2019-04-15 16:45:19,415 INFO  main                             - Begin SOFABoot HealthIndicator readiness check.
2019-04-15 16:45:19,415 INFO  main                             - HealthIndicator[diskSpaceHealthIndicator] readiness check success.
2019-04-15 16:45:19,415 INFO  main                             - SOFABoot HealthIndicator readiness check result: success.
2019-04-15 16:45:19,415 INFO  main                             - Begin SOFABoot ReadinessCheckCallback check.
2019-04-15 16:45:19,415 INFO  main                             - Begin SofaBootMiddlewareAfterReadinessCheckCallback check
2019-04-15 16:45:19,520 INFO  main                             - SOFABoot ReadinessCheckCallback[rpcAfterHealthCheckCallback] check success.
2019-04-15 16:45:19,520 INFO  main                             - SofaBootMiddlewareAfterReadinessCheckCallback check result: success.
2019-04-15 16:45:19,520 INFO  main                             - Begin SofaBootAfterReadinessCheckCallback readiness check
2019-04-15 16:45:19,521 INFO  main                             - SofaBootAfterReadinessCheckCallback readiness check result: success.
2019-04-15 16:45:19,521 INFO  main                             - SOFABoot ReadinessCheckCallback check: success.
2019-04-15 16:45:19,521 INFO  main                             - Readiness check result: success
2019-04-15 16:59:28,720 INFO  main                             - SOFABoot HealthCheck Starting!
2019-04-15 17:01:03,636 INFO  main                             - SOFABoot HealthCheck Starting!
2019-04-15 17:01:08,869 INFO  main                             - Found 1 HealthChecker implementation:sofaComponentHealthChecker
2019-04-15 17:01:08,870 INFO  main                             - Found 2 HealthIndicator implementation:sofaBootHealthIndicator,diskSpaceHealthIndicator
2019-04-15 17:01:08,872 INFO  main                             - Found 1 SofaBootMiddlewareAfterReadinessCheckCallback implementation:rpcAfterHealthCheckCallback
2019-04-15 17:01:08,873 INFO  main                             - Found 0 SofaBootAfterReadinessCheckCallback implementation
2019-04-15 17:01:08,873 INFO  main                             - Start to publish SofaBootBeforeReadinessCheckEvent.
2019-04-15 17:01:08,874 INFO  main                             - Begin SOFABoot HealthChecker readiness check.
2019-04-15 17:01:08,876 INFO  main                             - HealthChecker[sofaComponentHealthChecker] readiness check success with 0 retry.
2019-04-15 17:01:08,876 INFO  main                             - SOFABoot HealthChecker readiness check result: success.
2019-04-15 17:01:08,876 INFO  main                             - Begin SOFABoot HealthIndicator readiness check.
2019-04-15 17:01:08,877 INFO  main                             - HealthIndicator[diskSpaceHealthIndicator] readiness check success.
2019-04-15 17:01:08,877 INFO  main                             - SOFABoot HealthIndicator readiness check result: success.
2019-04-15 17:01:08,877 INFO  main                             - Begin SOFABoot ReadinessCheckCallback check.
2019-04-15 17:01:08,877 INFO  main                             - Begin SofaBootMiddlewareAfterReadinessCheckCallback check
2019-04-15 17:01:08,994 INFO  main                             - SOFABoot ReadinessCheckCallback[rpcAfterHealthCheckCallback] check success.
2019-04-15 17:01:08,994 INFO  main                             - SofaBootMiddlewareAfterReadinessCheckCallback check result: success.
2019-04-15 17:01:08,994 INFO  main                             - Begin SofaBootAfterReadinessCheckCallback readiness check
2019-04-15 17:01:08,994 INFO  main                             - SofaBootAfterReadinessCheckCallback readiness check result: success.
2019-04-15 17:01:08,994 INFO  main                             - SOFABoot ReadinessCheckCallback check: success.
2019-04-15 17:01:08,994 INFO  main                             - Readiness check result: success
