2019-03-26 11:24:40,812 INFO  main                             - sofa rpc run.mode = DEV
2019-03-26 11:24:40,814 INFO  main                             - PID:55649 sofa rpc starting!
2019-03-26 11:24:40,815 INFO  main                             - the run.mode is DEV
2019-03-26 11:24:44,020 INFO  main                             - Welcome! Loading SOFA RPC Framework : 5.4.7_20181025093119, PID is:55649
2019-03-26 11:24:44,033 INFO  main                             - Install Module: fault-tolerance
2019-03-26 11:24:44,048 INFO  main                             - Install Module: sofaTracer-resteasy
2019-03-26 11:24:44,051 INFO  main                             - Extension of extensible com.alipay.sofa.rpc.tracer.Tracer with alias sofaTracer: class com.alipay.sofa.rpc.tracer.log.sofatracer.EnterpriseRpcSofaTracer has been loaded, ignore origin class com.alipay.sofa.rpc.tracer.sofatracer.RpcSofaTracer
2019-03-26 11:24:44,094 INFO  main                             - Install Module: lookout
2019-03-26 11:24:44,097 INFO  main                             - Install Module: sofaTracer
2019-03-26 11:24:44,199 INFO  main                             - Refer consumer config : bolt://cloud.provider.facade.CallerService: with bean id callerService
2019-03-26 11:24:44,210 INFO  main                             - Extension of extensible com.alipay.sofa.rpc.client.Router with alias registry: class com.alipay.sofa.rpc.router.DsrRegistryRouter has been loaded, ignore origin class com.alipay.sofa.rpc.client.router.RegistryRouter
2019-03-26 11:24:44,248 INFO  main                             - Extension of extensible com.alipay.sofa.rpc.registry.Registry with alias mesh: class com.alipay.sofa.rpc.registry.mesh.EnterpriseMeshRegistry has been loaded, ignore origin class com.alipay.sofa.rpc.registry.mesh.MeshRegistry
2019-03-26 11:24:45,912 INFO  main                             - transmit will not start with config is null
2019-03-26 11:25:19,159 INFO  http-nio-8090-exec-1             - Load tracer impl success: sofaTracer, com.alipay.sofa.rpc.tracer.log.sofatracer.EnterpriseRpcSofaTracer@15b1b566
2019-03-26 13:06:04,477 WARN  SOFA-RPC-ShutdownHook            - SOFA RPC Framework catch JVM shutdown event, Run shutdown hook now.
2019-03-26 13:06:04,481 INFO  SOFA-RPC-ShutdownHook            - UnRefer consumer config : bolt://cloud.provider.facade.CallerService: with bean id callerService
2019-03-26 13:06:04,482 INFO  SOFA-RPC-ShutdownHook            - Uninstall Module: fault-tolerance
2019-03-26 13:06:04,482 INFO  SOFA-RPC-ShutdownHook            - Uninstall Module: sofaTracer-resteasy
2019-03-26 13:06:04,482 INFO  SOFA-RPC-ShutdownHook            - Uninstall Module: lookout
2019-03-26 13:06:04,482 INFO  SOFA-RPC-ShutdownHook            - Uninstall Module: sofaTracer
2019-03-26 13:06:04,483 WARN  SOFA-RPC-ShutdownHook            - SOFA RPC Framework has been release all resources ...
