2019-04-09 19:12:02.255  INFO 70320 --- [main] c.provider.gateway.GatewayApplication    : No active profile set, falling back to default profiles: default
2019-04-09 19:12:02.270  INFO 70320 --- [main] onfigReactiveWebServerApplicationContext : Refreshing org.springframework.boot.web.reactive.context.AnnotationConfigReactiveWebServerApplicationContext@2d96543c: startup date [Tue Apr 09 19:12:02 CST 2019]; parent: org.springframework.context.annotation.AnnotationConfigApplicationContext@16ec5519
2019-04-09 19:12:02.720  INFO 70320 --- [main] o.s.cloud.context.scope.GenericScope     : BeanFactory id=13538a7d-a8b9-38df-a199-b8d042344d72
2019-04-09 19:12:02.774  INFO 70320 --- [main] trationDelegate$BeanPostProcessorChecker : Bean 'org.springframework.cloud.autoconfigure.ConfigurationPropertiesRebinderAutoConfiguration' of type [org.springframework.cloud.autoconfigure.ConfigurationPropertiesRebinderAutoConfiguration$$EnhancerBySpringCGLIB$$fbe88dc1] is not eligible for getting processed by all BeanPostProcessors (for example: not eligible for auto-proxying)
2019-04-09 19:12:03.028  INFO 70320 --- [main] s.w.r.r.m.a.RequestMappingHandlerMapping : Mapped "{[/test]}" onto public java.lang.String cloud.provider.gateway.GatewayApplication.test()
2019-04-09 19:12:03.089  INFO 70320 --- [main] o.s.w.r.handler.SimpleUrlHandlerMapping  : Mapped URL path [/webjars/**] onto handler of type [class org.springframework.web.reactive.resource.ResourceWebHandler]
2019-04-09 19:12:03.089  INFO 70320 --- [main] o.s.w.r.handler.SimpleUrlHandlerMapping  : Mapped URL path [/**] onto handler of type [class org.springframework.web.reactive.resource.ResourceWebHandler]
2019-04-09 19:12:03.909  INFO 70320 --- [main] o.s.c.g.r.RouteDefinitionRouteLocator    : Loaded RoutePredicateFactory [After]
2019-04-09 19:12:03.909  INFO 70320 --- [main] o.s.c.g.r.RouteDefinitionRouteLocator    : Loaded RoutePredicateFactory [Before]
2019-04-09 19:12:03.910  INFO 70320 --- [main] o.s.c.g.r.RouteDefinitionRouteLocator    : Loaded RoutePredicateFactory [Between]
2019-04-09 19:12:03.910  INFO 70320 --- [main] o.s.c.g.r.RouteDefinitionRouteLocator    : Loaded RoutePredicateFactory [Cookie]
2019-04-09 19:12:03.910  INFO 70320 --- [main] o.s.c.g.r.RouteDefinitionRouteLocator    : Loaded RoutePredicateFactory [Header]
2019-04-09 19:12:03.910  INFO 70320 --- [main] o.s.c.g.r.RouteDefinitionRouteLocator    : Loaded RoutePredicateFactory [Host]
2019-04-09 19:12:03.910  INFO 70320 --- [main] o.s.c.g.r.RouteDefinitionRouteLocator    : Loaded RoutePredicateFactory [Method]
2019-04-09 19:12:03.910  INFO 70320 --- [main] o.s.c.g.r.RouteDefinitionRouteLocator    : Loaded RoutePredicateFactory [Path]
2019-04-09 19:12:03.910  INFO 70320 --- [main] o.s.c.g.r.RouteDefinitionRouteLocator    : Loaded RoutePredicateFactory [Query]
2019-04-09 19:12:03.910  INFO 70320 --- [main] o.s.c.g.r.RouteDefinitionRouteLocator    : Loaded RoutePredicateFactory [ReadBodyPredicateFactory]
2019-04-09 19:12:03.911  INFO 70320 --- [main] o.s.c.g.r.RouteDefinitionRouteLocator    : Loaded RoutePredicateFactory [RemoteAddr]
2019-04-09 19:12:03.911  INFO 70320 --- [main] o.s.c.g.r.RouteDefinitionRouteLocator    : Loaded RoutePredicateFactory [Weight]
2019-04-09 19:12:03.969  INFO 70320 --- [main] o.s.w.r.r.m.a.ControllerMethodResolver   : Looking for @ControllerAdvice: org.springframework.boot.web.reactive.context.AnnotationConfigReactiveWebServerApplicationContext@2d96543c: startup date [Tue Apr 09 19:12:02 CST 2019]; parent: org.springframework.context.annotation.AnnotationConfigApplicationContext@16ec5519
2019-04-09 19:12:04.410  INFO 70320 --- [main] o.s.j.e.a.AnnotationMBeanExporter        : Registering beans for JMX exposure on startup
2019-04-09 19:12:04.418  INFO 70320 --- [main] o.s.j.e.a.AnnotationMBeanExporter        : Bean with name 'configurationPropertiesRebinder' has been autodetected for JMX exposure
2019-04-09 19:12:04.418  INFO 70320 --- [main] o.s.j.e.a.AnnotationMBeanExporter        : Bean with name 'environmentManager' has been autodetected for JMX exposure
2019-04-09 19:12:04.419  INFO 70320 --- [main] o.s.j.e.a.AnnotationMBeanExporter        : Bean with name 'refreshScope' has been autodetected for JMX exposure
2019-04-09 19:12:04.422  INFO 70320 --- [main] o.s.j.e.a.AnnotationMBeanExporter        : Located managed bean 'environmentManager': registering with JMX server as MBean [org.springframework.cloud.context.environment:name=environmentManager,type=EnvironmentManager]
2019-04-09 19:12:04.433  INFO 70320 --- [main] o.s.j.e.a.AnnotationMBeanExporter        : Located managed bean 'refreshScope': registering with JMX server as MBean [org.springframework.cloud.context.scope.refresh:name=refreshScope,type=RefreshScope]
2019-04-09 19:12:04.444  INFO 70320 --- [main] o.s.j.e.a.AnnotationMBeanExporter        : Located managed bean 'configurationPropertiesRebinder': registering with JMX server as MBean [org.springframework.cloud.context.properties:name=configurationPropertiesRebinder,context=2d96543c,type=ConfigurationPropertiesRebinder]
2019-04-09 19:12:09.591  INFO 70320 --- [reactor-http-server-kqueue-9] r.ipc.netty.tcp.BlockingNettyContext     : Started HttpServer on /0:0:0:0:0:0:0:0%0:8888
2019-04-09 19:12:09.592  INFO 70320 --- [main] o.s.b.web.embedded.netty.NettyWebServer  : Netty started on port(s): 8888
2019-04-09 19:12:09.597  INFO 70320 --- [main] c.provider.gateway.GatewayApplication    : Started GatewayApplication in 18.388 seconds (JVM running for 18.913)
2019-04-09 19:59:06.293  INFO 70320 --- [Thread-15] onfigReactiveWebServerApplicationContext : Closing org.springframework.boot.web.reactive.context.AnnotationConfigReactiveWebServerApplicationContext@2d96543c: startup date [Tue Apr 09 19:12:02 CST 2019]; parent: org.springframework.context.annotation.AnnotationConfigApplicationContext@16ec5519
2019-04-09 19:59:06.297  INFO 70320 --- [Thread-15] o.s.c.support.DefaultLifecycleProcessor  : Stopping beans in phase 0
2019-04-09 19:59:06.299  INFO 70320 --- [Thread-15] o.s.j.e.a.AnnotationMBeanExporter        : Unregistering JMX-exposed beans on shutdown
2019-04-09 19:59:06.299  INFO 70320 --- [Thread-15] o.s.j.e.a.AnnotationMBeanExporter        : Unregistering JMX-exposed beans
2019-04-09 19:59:06.303  INFO 70320 --- [Thread-15] r.ipc.netty.tcp.BlockingNettyContext     : Stopped HttpServer on /0:0:0:0:0:0:0:0%0:8888
