2019-03-08 01:05:32.069 [main] INFO  c.a.b.s.s.i.RestApplicationContextInitializer - Existed DSR com.alipay.instanceid = IPYJUBMB231N
2019-03-08 01:05:32.070 [main] INFO  c.a.b.s.s.i.RestApplicationContextInitializer - Existed DSR com.alipay.env = shared
2019-03-08 01:05:32.070 [main] INFO  c.a.b.s.s.i.RestApplicationContextInitializer - Existed DSR com.antcloud.antvip.endpoint = 100.103.1.174
2019-03-08 01:05:32.070 [main] INFO  c.a.b.s.s.i.RestApplicationContextInitializer - sofa rest starting!
2019-03-08 01:05:56.027 [main] INFO  c.a.s.r.s.RestComponentsPropertyInjectProcessor - A rest provider is found . register it (sofaRestExceptionHandler). 
2019-03-08 01:06:01.098 [main] INFO  c.a.s.r.s.RestComponentsPropertyInjectProcessor - A rest provider is found . register it (commonContainerResponseFilter). 
2019-03-08 01:06:01.116 [main] INFO  com.alipay.sofa.rest.bootstrap.RestBootstrap - register rest resource(name:cloud.consumer.endpoint.impl.SampleRestFacadeRestImpl)
2019-03-08 01:06:01.158 [main] INFO  c.a.s.r.s.RestComponentsPropertyInjectProcessor - A rest resource is found . register it (sampleRestFacadeRest). 
2019-03-08 01:06:01.160 [main] INFO  com.alipay.sofa.rest.bootstrap.RestBootstrap - register rest resource(name:cloud.consumer.endpoint.impl.FaviconRestFacadeRestImpl)
2019-03-08 01:06:01.162 [main] INFO  c.a.s.r.s.RestComponentsPropertyInjectProcessor - A rest resource is found . register it (faviconRestFacadeRest). 
2019-03-08 01:06:07.247 [main] INFO  com.alipay.sofa.rest.bootstrap.RestBootstrap - ClientConfig{connections=10, connectTimeout=-1, socketTimeout=-1, threadPoolSize=10, retries=0}
2019-03-08 01:06:12.323 [main] INFO  com.alipay.sofa.rest.bootstrap.RestBootstrap -  rest client started.
2019-03-08 01:06:12.338 [main] INFO  c.a.sofa.rest.server.netty.SofaRestNettyServer - server connector works,Connector{port=8341, hostname='null',maxRequestSize =10485760, isKeepAlive=true, exposed=true, sslContext=null}. Configured min.pool.size=100,max.pool.size=200,queue.pool.size=500,prestart=false
2019-03-08 01:06:17.386 [main] INFO  com.alipay.sofa.rest.bootstrap.RestBootstrap -  rest server is started.
2019-03-08 01:06:17.386 [main] INFO  c.a.sofa.rest.spring.support.RestComponentsLog - 
====== rest resources and providers ======
providers:
  class cloud.consumer.endpoint.filter.CommonContainerResponseFilter
  class org.jboss.resteasy.plugins.providers.ServerFormUrlEncodedProvider
  class cloud.consumer.endpoint.exception.SofaRestExceptionHandler

resources:
  name:faviconRestFacadeRest,class cloud.consumer.endpoint.impl.FaviconRestFacadeRestImpl
  name:sampleRestFacadeRest,class cloud.consumer.endpoint.impl.SampleRestFacadeRestImpl

2019-03-08 01:06:17.387 [main] INFO  com.alipay.sofa.rest.bootstrap.RestBootstrap - sofa rest started.
2019-03-08 01:11:22.371 [main] INFO  c.a.b.s.s.i.RestApplicationContextInitializer - Existed DSR com.alipay.instanceid = IPYJUBMB231N
2019-03-08 01:11:22.371 [main] INFO  c.a.b.s.s.i.RestApplicationContextInitializer - Existed DSR com.alipay.env = shared
2019-03-08 01:11:22.372 [main] INFO  c.a.b.s.s.i.RestApplicationContextInitializer - Existed DSR com.antcloud.antvip.endpoint = 100.103.1.174
2019-03-08 01:11:22.372 [main] INFO  c.a.b.s.s.i.RestApplicationContextInitializer - sofa rest starting!
2019-03-08 01:11:51.054 [main] INFO  c.a.b.s.s.i.RestApplicationContextInitializer - Existed DSR com.alipay.instanceid = IPYJUBMB231N
2019-03-08 01:11:51.054 [main] INFO  c.a.b.s.s.i.RestApplicationContextInitializer - Existed DSR com.alipay.env = shared
2019-03-08 01:11:51.054 [main] INFO  c.a.b.s.s.i.RestApplicationContextInitializer - Existed DSR com.antcloud.antvip.endpoint = 100.103.1.174
2019-03-08 01:11:51.054 [main] INFO  c.a.b.s.s.i.RestApplicationContextInitializer - sofa rest starting!
