2019-03-08 01:05:32,125 INFO  main                             - sofa rpc run.mode = DEV
2019-03-08 01:05:32,125 INFO  main                             - PID:8579 sofa rpc starting!
2019-03-08 01:05:32,126 INFO  main                             - the run.mode is DEV
2019-03-08 01:05:55,599 INFO  main                             - Welcome! Loading SOFA RPC Framework : 5.4.7_20181025093119, PID is:8579
2019-03-08 01:05:55,611 INFO  main                             - Install Module: fault-tolerance
2019-03-08 01:05:55,621 INFO  main                             - Install Module: sofaTracer-resteasy
2019-03-08 01:05:55,623 INFO  main                             - Extension of extensible com.alipay.sofa.rpc.tracer.Tracer with alias sofaTracer: class com.alipay.sofa.rpc.tracer.log.sofatracer.EnterpriseRpcSofaTracer has been loaded, ignore origin class com.alipay.sofa.rpc.tracer.sofatracer.RpcSofaTracer
2019-03-08 01:05:55,661 INFO  main                             - Install Module: lookout
2019-03-08 01:05:55,664 INFO  main                             - Install Module: sofaTracer
2019-03-08 01:05:55,731 INFO  main                             - Refer consumer config : bolt://cloud.provider.facade.CallerService: with bean id callerService
2019-03-08 01:05:55,740 INFO  main                             - Extension of extensible com.alipay.sofa.rpc.client.Router with alias registry: class com.alipay.sofa.rpc.router.DsrRegistryRouter has been loaded, ignore origin class com.alipay.sofa.rpc.client.router.RegistryRouter
2019-03-08 01:05:55,763 INFO  main                             - Extension of extensible com.alipay.sofa.rpc.registry.Registry with alias mesh: class com.alipay.sofa.rpc.registry.mesh.EnterpriseMeshRegistry has been loaded, ignore origin class com.alipay.sofa.rpc.registry.mesh.MeshRegistry
2019-03-08 01:06:02,126 INFO  main                             - transmit will not start with config is null
2019-03-08 01:06:22,714 WARN  SOFA-RPC-ShutdownHook            - SOFA RPC Framework catch JVM shutdown event, Run shutdown hook now.
2019-03-08 01:06:22,717 INFO  SOFA-RPC-ShutdownHook            - UnRefer consumer config : bolt://cloud.provider.facade.CallerService: with bean id callerService
2019-03-08 01:06:22,720 INFO  SOFA-RPC-ShutdownHook            - Uninstall Module: fault-tolerance
2019-03-08 01:06:22,720 INFO  SOFA-RPC-ShutdownHook            - Uninstall Module: sofaTracer-resteasy
2019-03-08 01:06:22,720 INFO  SOFA-RPC-ShutdownHook            - Uninstall Module: lookout
2019-03-08 01:06:22,720 INFO  SOFA-RPC-ShutdownHook            - Uninstall Module: sofaTracer
2019-03-08 01:06:22,720 WARN  SOFA-RPC-ShutdownHook            - SOFA RPC Framework has been release all resources ...
2019-03-08 01:11:22,422 INFO  main                             - sofa rpc run.mode = DEV
2019-03-08 01:11:22,423 INFO  main                             - PID:8617 sofa rpc starting!
2019-03-08 01:11:22,423 INFO  main                             - the run.mode is DEV
2019-03-08 01:11:51,056 INFO  main                             - sofa rpc run_mode = DEV
2019-03-08 01:11:51,056 INFO  main                             - PID:8617 sofa rpc starting!
2019-03-08 01:11:51,056 INFO  main                             - the run.mode is DEV
